283.0215 	WARNING 	Couldn't measure a consistent frame rate.
  - Is your graphics card set to sync to vertical blank?
  - Are you running other processes on your computer?

283.0226 	EXP 	Created window1 = Window(allowGUI=True, allowStencil=False, autoLog=True, backendConf=UNKNOWN, bitsMode=UNKNOWN, blendMode='avg', bpc=(8, 8, 8), color=array([-1, -1, -1]), colorSpace='rgb', depthBits=8, fullscr=<method-wrapper '__getattribute__' of attributeSetter object at 0x0000021694926C88>, gamma=None, gammaErrorPolicy='raise', lms=UNKNOWN, monitor=<psychopy.monitors.calibTools.Monitor object at 0x00000216949070B8>, multiSample=False, name='window1', numSamples=2, pos=[233.0, 84.0], screen=0, size=array([900, 600]), stencilBits=0, stereo=False, units='cm', useFBO=True, useRetina=False, viewOri=0.0, viewPos=None, viewScale=None, waitBlanking=True, winType='pyglet')
283.0230 	EXP 	window1: mouseVisible = True
283.0231 	EXP 	window1: recordFrameIntervals = False
283.2789 	EXP 	window1: recordFrameIntervals = True
283.3318 	WARNING 	t of last frame was 29.78ms (=1/33)
283.3826 	WARNING 	t of last frame was 31.99ms (=1/31)
283.4121 	WARNING 	t of last frame was 29.51ms (=1/33)
283.4436 	WARNING 	t of last frame was 31.52ms (=1/31)
283.4849 	WARNING 	Multiple dropped frames have occurred - I'll stop bothering you about them!
285.8707 	WARNING 	Couldn't measure a consistent frame rate.
  - Is your graphics card set to sync to vertical blank?
  - Are you running other processes on your computer?

287.4472 	EXP 	Created welcome = TextStim(__class__=<class 'psychopy.visual.text.TextStim'>, alignHoriz=method-wrapper(...), alignText='center', alignVert=method-wrapper(...), anchorHoriz='center', anchorVert='center', antialias=True, autoLog=True, bold=False, color=array([1., 1., 1.]), colorSpace='rgb', contrast=1.0, depth=0.0, flipHoriz=False, flipVert=False, font='Open Sans', fontFiles=[], height=1.0, italic=False, languageStyle='LTR', name='welcome', opacity=1, ori=0.0, pos=array([0., 0.]), rgb=UNKNOWN, text='Welcome to the BiSiC keypad\n', units='cm', win=Window(...), wrapWidth=8.0)
287.8429 	EXP 	Created instructions = TextStim(__class__=<class 'psychopy.visual.text.TextStim'>, alignHoriz=method-wrapper(...), alignText='center', alignVert=method-wrapper(...), anchorHoriz='center', anchorVert='center', antialias=True, autoLog=True, bold=False, color=array([1., 1., 1.]), colorSpace='rgb', contrast=1.0, depth=-1.0, flipHoriz=False, flipVert=False, font='Open Sans', fontFiles=[], height=0.6, italic=False, languageStyle='LTR', name='instructions', opacity=1, ori=0.0, pos=array([-1., -1.]), rgb=UNKNOWN, text=str(...), units='cm', win=Window(...), wrapWidth=15.0)
287.9218 	EXP 	Created i7 = ImageStim(__class__=<class 'psychopy.visual.image.ImageStim'>, autoLog=True, color=array([1., 1., 1.]), colorSpace='rgb', contrast=1.0, depth=-1.0, flipHoriz=False, flipVert=False, image='Images/7.png', interpolate=True, mask=None, maskParams=None, name='i7', opacity=1.0, ori=0.0, pos=array([-3.,  7.]), size=array([2., 2.]), texRes=256.0, units='cm', win=Window(...))
287.9507 	EXP 	Created i8 = ImageStim(__class__=<class 'psychopy.visual.image.ImageStim'>, autoLog=True, color=array([1., 1., 1.]), colorSpace='rgb', contrast=1.0, depth=-2.0, flipHoriz=False, flipVert=False, image='Images/8.png', interpolate=True, mask=None, maskParams=None, name='i8', opacity=1.0, ori=0.0, pos=array([0., 7.]), size=array([2., 2.]), texRes=128.0, units='cm', win=Window(...))
287.9786 	EXP 	Created i9 = ImageStim(__class__=<class 'psychopy.visual.image.ImageStim'>, autoLog=True, color=array([1., 1., 1.]), colorSpace='rgb', contrast=1.0, depth=-3.0, flipHoriz=False, flipVert=False, image='Images/9.png', interpolate=True, mask=None, maskParams=None, name='i9', opacity=1.0, ori=0.0, pos=array([3., 7.]), size=array([2., 2.]), texRes=128.0, units='cm', win=Window(...))
288.0089 	EXP 	Created i4 = ImageStim(__class__=<class 'psychopy.visual.image.ImageStim'>, autoLog=True, color=array([1., 1., 1.]), colorSpace='rgb', contrast=1.0, depth=-4.0, flipHoriz=False, flipVert=False, image='Images/4.png', interpolate=True, mask=None, maskParams=None, name='i4', opacity=1.0, ori=0.0, pos=array([-3.,  4.]), size=array([2., 2.]), texRes=128.0, units='cm', win=Window(...))
288.0467 	EXP 	Created i5 = ImageStim(__class__=<class 'psychopy.visual.image.ImageStim'>, autoLog=True, color=array([1., 1., 1.]), colorSpace='rgb', contrast=1.0, depth=-5.0, flipHoriz=False, flipVert=False, image='Images/5.png', interpolate=True, mask=None, maskParams=None, name='i5', opacity=1.0, ori=0.0, pos=array([0., 4.]), size=array([2., 2.]), texRes=128.0, units='cm', win=Window(...))
288.0767 	EXP 	Created i6 = ImageStim(__class__=<class 'psychopy.visual.image.ImageStim'>, autoLog=True, color=array([1., 1., 1.]), colorSpace='rgb', contrast=1.0, depth=-6.0, flipHoriz=False, flipVert=False, image='Images/6.png', interpolate=True, mask=None, maskParams=None, name='i6', opacity=1.0, ori=0.0, pos=array([3., 4.]), size=array([2., 2.]), texRes=128.0, units='cm', win=Window(...))
288.1077 	EXP 	Created i1 = ImageStim(__class__=<class 'psychopy.visual.image.ImageStim'>, autoLog=True, color=array([1., 1., 1.]), colorSpace='rgb', contrast=1.0, depth=-7.0, flipHoriz=False, flipVert=False, image='Images/1.png', interpolate=True, mask=None, maskParams=None, name='i1', opacity=1.0, ori=0.0, pos=array([-3.,  1.]), size=array([2., 2.]), texRes=128.0, units='cm', win=Window(...))
288.1362 	EXP 	Created i2 = ImageStim(__class__=<class 'psychopy.visual.image.ImageStim'>, autoLog=True, color=array([1., 1., 1.]), colorSpace='rgb', contrast=1.0, depth=-8.0, flipHoriz=False, flipVert=False, image='Images/2.png', interpolate=True, mask=None, maskParams=None, name='i2', opacity=1.0, ori=0.0, pos=array([0., 1.]), size=array([2., 2.]), texRes=128.0, units='cm', win=Window(...))
288.1624 	EXP 	Created i3 = ImageStim(__class__=<class 'psychopy.visual.image.ImageStim'>, autoLog=True, color=array([1., 1., 1.]), colorSpace='rgb', contrast=1.0, depth=-9.0, flipHoriz=False, flipVert=False, image='Images/3.png', interpolate=True, mask=None, maskParams=None, name='i3', opacity=1.0, ori=0.0, pos=array([3., 1.]), size=array([2., 2.]), texRes=128.0, units='cm', win=Window(...))
288.1946 	EXP 	Created idel = ImageStim(__class__=<class 'psychopy.visual.image.ImageStim'>, autoLog=True, color=array([1., 1., 1.]), colorSpace='rgb', contrast=1.0, depth=-10.0, flipHoriz=False, flipVert=False, image='Images/del.jpg', interpolate=True, mask=None, maskParams=None, name='idel', opacity=1.0, ori=0.0, pos=array([-3., -2.]), size=array([2., 2.]), texRes=128.0, units='cm', win=Window(...))
288.2299 	EXP 	Created i0 = ImageStim(__class__=<class 'psychopy.visual.image.ImageStim'>, autoLog=True, color=array([1., 1., 1.]), colorSpace='rgb', contrast=1.0, depth=-11.0, flipHoriz=False, flipVert=False, image='Images/0.png', interpolate=True, mask=None, maskParams=None, name='i0', opacity=1.0, ori=0.0, pos=array([ 0., -2.]), size=array([2., 2.]), texRes=128.0, units='cm', win=Window(...))
288.2640 	EXP 	Created ienter = ImageStim(__class__=<class 'psychopy.visual.image.ImageStim'>, autoLog=True, color=array([1., 1., 1.]), colorSpace='rgb', contrast=1.0, depth=-12.0, flipHoriz=False, flipVert=False, image='Images/enter.jpg', interpolate=True, mask=None, maskParams=None, name='ienter', opacity=1.0, ori=0.0, pos=array([ 3., -2.]), size=array([2., 2.]), texRes=128.0, units='cm', win=Window(...))
288.3381 	EXP 	textbox: autoLog = True
288.3381 	EXP 	welcome: autoDraw = True
289.2704 	EXP 	instructions: autoDraw = True
289.3638 	EXP 	welcome: autoDraw = False
290.9813 	DATA 	Mouse: Left button down, pos=(539,195)
291.1237 	EXP 	Created sequence: sequential, trialTypes=1, nReps=50, seed=None
291.1261 	EXP 	New trial (rep=0, index=0): None
291.1499 	DATA 	Mouse:  Left button up, pos=(539,195)
291.1543 	DATA 	Keypress: m
291.1974 	EXP 	welcome: autoDraw = False
291.1974 	EXP 	instructions: autoDraw = False
292.3353 	EXP 	textbox: autoDraw = True
292.3353 	EXP 	i7: autoDraw = True
292.3353 	EXP 	i7: texRes = 256.0
292.3353 	EXP 	i8: autoDraw = True
292.3353 	EXP 	i8: texRes = 128.0
292.3353 	EXP 	i9: autoDraw = True
292.3353 	EXP 	i9: texRes = 128.0
292.3353 	EXP 	i4: autoDraw = True
292.3353 	EXP 	i4: texRes = 128.0
292.3353 	EXP 	i5: autoDraw = True
292.3353 	EXP 	i5: texRes = 128.0
292.3353 	EXP 	i6: autoDraw = True
292.3353 	EXP 	i6: texRes = 128.0
292.3353 	EXP 	i1: autoDraw = True
292.3353 	EXP 	i1: texRes = 128.0
292.3353 	EXP 	i2: autoDraw = True
292.3353 	EXP 	i2: texRes = 128.0
292.3353 	EXP 	i3: autoDraw = True
292.3353 	EXP 	i3: texRes = 128.0
292.3353 	EXP 	idel: autoDraw = True
292.3353 	EXP 	idel: texRes = 128.0
292.3353 	EXP 	i0: autoDraw = True
292.3353 	EXP 	i0: texRes = 128.0
292.3353 	EXP 	ienter: autoDraw = True
292.3353 	EXP 	ienter: texRes = 128.0
292.4841 	EXP 	i7: texRes = 256.0
292.4841 	EXP 	i8: texRes = 128.0
292.4841 	EXP 	i9: texRes = 128.0
292.4841 	EXP 	i4: texRes = 128.0
292.4841 	EXP 	i5: texRes = 128.0
292.4841 	EXP 	i6: texRes = 128.0
292.4841 	EXP 	i1: texRes = 128.0
292.4841 	EXP 	i2: texRes = 128.0
292.4841 	EXP 	i3: texRes = 128.0
292.4841 	EXP 	idel: texRes = 128.0
292.4841 	EXP 	i0: texRes = 128.0
292.4841 	EXP 	ienter: texRes = 128.0
292.6286 	EXP 	i7: texRes = 256.0
292.6286 	EXP 	i8: texRes = 128.0
292.6286 	EXP 	i9: texRes = 128.0
292.6286 	EXP 	i4: texRes = 128.0
292.6286 	EXP 	i5: texRes = 128.0
292.6286 	EXP 	i6: texRes = 128.0
292.6286 	EXP 	i1: texRes = 128.0
292.6286 	EXP 	i2: texRes = 128.0
292.6286 	EXP 	i3: texRes = 128.0
292.6286 	EXP 	idel: texRes = 128.0
292.6286 	EXP 	i0: texRes = 128.0
292.6286 	EXP 	ienter: texRes = 128.0
292.7882 	EXP 	i7: texRes = 256.0
292.7882 	EXP 	i8: texRes = 128.0
292.7882 	EXP 	i9: texRes = 128.0
292.7882 	EXP 	i4: texRes = 128.0
292.7882 	EXP 	i5: texRes = 128.0
292.7882 	EXP 	i6: texRes = 128.0
292.7882 	EXP 	i1: texRes = 128.0
292.7882 	EXP 	i2: texRes = 128.0
292.7882 	EXP 	i3: texRes = 128.0
292.7882 	EXP 	idel: texRes = 128.0
292.7882 	EXP 	i0: texRes = 128.0
292.7882 	EXP 	ienter: texRes = 128.0
292.9378 	EXP 	i7: texRes = 256.0
292.9378 	EXP 	i8: texRes = 128.0
292.9378 	EXP 	i9: texRes = 128.0
292.9378 	EXP 	i4: texRes = 128.0
292.9378 	EXP 	i5: texRes = 128.0
292.9378 	EXP 	i6: texRes = 128.0
292.9378 	EXP 	i1: texRes = 128.0
292.9378 	EXP 	i2: texRes = 128.0
292.9378 	EXP 	i3: texRes = 128.0
292.9378 	EXP 	idel: texRes = 128.0
292.9378 	EXP 	i0: texRes = 128.0
292.9378 	EXP 	ienter: texRes = 128.0
293.0866 	EXP 	i7: texRes = 256.0
293.0866 	EXP 	i8: texRes = 128.0
293.0866 	EXP 	i9: texRes = 128.0
293.0866 	EXP 	i4: texRes = 128.0
293.0866 	EXP 	i5: texRes = 128.0
293.0866 	EXP 	i6: texRes = 128.0
293.0866 	EXP 	i1: texRes = 128.0
293.0866 	EXP 	i2: texRes = 128.0
293.0866 	EXP 	i3: texRes = 128.0
293.0866 	EXP 	idel: texRes = 128.0
293.0866 	EXP 	i0: texRes = 128.0
293.0866 	EXP 	ienter: texRes = 128.0
293.2552 	EXP 	i7: texRes = 256.0
293.2552 	EXP 	i8: texRes = 128.0
293.2552 	EXP 	i9: texRes = 128.0
293.2552 	EXP 	i4: texRes = 128.0
293.2552 	EXP 	i5: texRes = 128.0
293.2552 	EXP 	i6: texRes = 128.0
293.2552 	EXP 	i1: texRes = 128.0
293.2552 	EXP 	i2: texRes = 128.0
293.2552 	EXP 	i3: texRes = 128.0
293.2552 	EXP 	idel: texRes = 128.0
293.2552 	EXP 	i0: texRes = 128.0
293.2552 	EXP 	ienter: texRes = 128.0
293.4009 	EXP 	i7: texRes = 256.0
293.4009 	EXP 	i8: texRes = 128.0
293.4009 	EXP 	i9: texRes = 128.0
293.4009 	EXP 	i4: texRes = 128.0
293.4009 	EXP 	i5: texRes = 128.0
293.4009 	EXP 	i6: texRes = 128.0
293.4009 	EXP 	i1: texRes = 128.0
293.4009 	EXP 	i2: texRes = 128.0
293.4009 	EXP 	i3: texRes = 128.0
293.4009 	EXP 	idel: texRes = 128.0
293.4009 	EXP 	i0: texRes = 128.0
293.4009 	EXP 	ienter: texRes = 128.0
293.5432 	EXP 	i7: texRes = 256.0
293.5432 	EXP 	i8: texRes = 128.0
293.5432 	EXP 	i9: texRes = 128.0
293.5432 	EXP 	i4: texRes = 128.0
293.5432 	EXP 	i5: texRes = 128.0
293.5432 	EXP 	i6: texRes = 128.0
293.5432 	EXP 	i1: texRes = 128.0
293.5432 	EXP 	i2: texRes = 128.0
293.5432 	EXP 	i3: texRes = 128.0
293.5432 	EXP 	idel: texRes = 128.0
293.5432 	EXP 	i0: texRes = 128.0
293.5432 	EXP 	ienter: texRes = 128.0
293.6837 	EXP 	i7: texRes = 256.0
293.6837 	EXP 	i8: texRes = 128.0
293.6837 	EXP 	i9: texRes = 128.0
293.6837 	EXP 	i4: texRes = 128.0
293.6837 	EXP 	i5: texRes = 128.0
293.6837 	EXP 	i6: texRes = 128.0
293.6837 	EXP 	i1: texRes = 128.0
293.6837 	EXP 	i2: texRes = 128.0
293.6837 	EXP 	i3: texRes = 128.0
293.6837 	EXP 	idel: texRes = 128.0
293.6837 	EXP 	i0: texRes = 128.0
293.6837 	EXP 	ienter: texRes = 128.0
293.8445 	EXP 	i7: texRes = 256.0
293.8445 	EXP 	i8: texRes = 128.0
293.8445 	EXP 	i9: texRes = 128.0
293.8445 	EXP 	i4: texRes = 128.0
293.8445 	EXP 	i5: texRes = 128.0
293.8445 	EXP 	i6: texRes = 128.0
293.8445 	EXP 	i1: texRes = 128.0
293.8445 	EXP 	i2: texRes = 128.0
293.8445 	EXP 	i3: texRes = 128.0
293.8445 	EXP 	idel: texRes = 128.0
293.8445 	EXP 	i0: texRes = 128.0
293.8445 	EXP 	ienter: texRes = 128.0
294.0015 	EXP 	i7: texRes = 256.0
294.0015 	EXP 	i8: texRes = 128.0
294.0015 	EXP 	i9: texRes = 128.0
294.0015 	EXP 	i4: texRes = 128.0
294.0015 	EXP 	i5: texRes = 128.0
294.0015 	EXP 	i6: texRes = 128.0
294.0015 	EXP 	i1: texRes = 128.0
294.0015 	EXP 	i2: texRes = 128.0
294.0015 	EXP 	i3: texRes = 128.0
294.0015 	EXP 	idel: texRes = 128.0
294.0015 	EXP 	i0: texRes = 128.0
294.0015 	EXP 	ienter: texRes = 128.0
294.2006 	EXP 	i7: texRes = 256.0
294.2006 	EXP 	i8: texRes = 128.0
294.2006 	EXP 	i9: texRes = 128.0
294.2006 	EXP 	i4: texRes = 128.0
294.2006 	EXP 	i5: texRes = 128.0
294.2006 	EXP 	i6: texRes = 128.0
294.2006 	EXP 	i1: texRes = 128.0
294.2006 	EXP 	i2: texRes = 128.0
294.2006 	EXP 	i3: texRes = 128.0
294.2006 	EXP 	idel: texRes = 128.0
294.2006 	EXP 	i0: texRes = 128.0
294.2006 	EXP 	ienter: texRes = 128.0
294.3570 	EXP 	i7: texRes = 256.0
294.3570 	EXP 	i8: texRes = 128.0
294.3570 	EXP 	i9: texRes = 128.0
294.3570 	EXP 	i4: texRes = 128.0
294.3570 	EXP 	i5: texRes = 128.0
294.3570 	EXP 	i6: texRes = 128.0
294.3570 	EXP 	i1: texRes = 128.0
294.3570 	EXP 	i2: texRes = 128.0
294.3570 	EXP 	i3: texRes = 128.0
294.3570 	EXP 	idel: texRes = 128.0
294.3570 	EXP 	i0: texRes = 128.0
294.3570 	EXP 	ienter: texRes = 128.0
294.5474 	EXP 	i7: texRes = 256.0
294.5474 	EXP 	i8: texRes = 128.0
294.5474 	EXP 	i9: texRes = 128.0
294.5474 	EXP 	i4: texRes = 128.0
294.5474 	EXP 	i5: texRes = 128.0
294.5474 	EXP 	i6: texRes = 128.0
294.5474 	EXP 	i1: texRes = 128.0
294.5474 	EXP 	i2: texRes = 128.0
294.5474 	EXP 	i3: texRes = 128.0
294.5474 	EXP 	idel: texRes = 128.0
294.5474 	EXP 	i0: texRes = 128.0
294.5474 	EXP 	ienter: texRes = 128.0
294.7827 	EXP 	i7: texRes = 256.0
294.7827 	EXP 	i8: texRes = 128.0
294.7827 	EXP 	i9: texRes = 128.0
294.7827 	EXP 	i4: texRes = 128.0
294.7827 	EXP 	i5: texRes = 128.0
294.7827 	EXP 	i6: texRes = 128.0
294.7827 	EXP 	i1: texRes = 128.0
294.7827 	EXP 	i2: texRes = 128.0
294.7827 	EXP 	i3: texRes = 128.0
294.7827 	EXP 	idel: texRes = 128.0
294.7827 	EXP 	i0: texRes = 128.0
294.7827 	EXP 	ienter: texRes = 128.0
295.5947 	EXP 	i7: texRes = 256.0
295.5947 	EXP 	i8: texRes = 128.0
295.5947 	EXP 	i9: texRes = 128.0
295.5947 	EXP 	i4: texRes = 128.0
295.5947 	EXP 	i5: texRes = 128.0
295.5947 	EXP 	i6: texRes = 128.0
295.5947 	EXP 	i1: texRes = 128.0
295.5947 	EXP 	i2: texRes = 128.0
295.5947 	EXP 	i3: texRes = 128.0
295.5947 	EXP 	idel: texRes = 128.0
295.5947 	EXP 	i0: texRes = 128.0
295.5947 	EXP 	ienter: texRes = 128.0
297.1062 	EXP 	i7: texRes = 256.0
297.1062 	EXP 	i8: texRes = 128.0
297.1062 	EXP 	i9: texRes = 128.0
297.1062 	EXP 	i4: texRes = 128.0
297.1062 	EXP 	i5: texRes = 128.0
297.1062 	EXP 	i6: texRes = 128.0
297.1062 	EXP 	i1: texRes = 128.0
297.1062 	EXP 	i2: texRes = 128.0
297.1062 	EXP 	i3: texRes = 128.0
297.1062 	EXP 	idel: texRes = 128.0
297.1062 	EXP 	i0: texRes = 128.0
297.1062 	EXP 	ienter: texRes = 128.0
298.1430 	EXP 	i7: texRes = 256.0
298.1430 	EXP 	i8: texRes = 128.0
298.1430 	EXP 	i9: texRes = 128.0
298.1430 	EXP 	i4: texRes = 128.0
298.1430 	EXP 	i5: texRes = 128.0
298.1430 	EXP 	i6: texRes = 128.0
298.1430 	EXP 	i1: texRes = 128.0
298.1430 	EXP 	i2: texRes = 128.0
298.1430 	EXP 	i3: texRes = 128.0
298.1430 	EXP 	idel: texRes = 128.0
298.1430 	EXP 	i0: texRes = 128.0
298.1430 	EXP 	ienter: texRes = 128.0
298.4137 	EXP 	New trial (rep=1, index=0): None
298.6682 	EXP 	textbox: autoDraw = False
298.6682 	EXP 	i7: autoDraw = False
298.6682 	EXP 	i8: autoDraw = False
298.6682 	EXP 	i9: autoDraw = False
298.6682 	EXP 	i4: autoDraw = False
298.6682 	EXP 	i5: autoDraw = False
298.6682 	EXP 	i6: autoDraw = False
298.6682 	EXP 	i1: autoDraw = False
298.6682 	EXP 	i2: autoDraw = False
298.6682 	EXP 	i3: autoDraw = False
298.6682 	EXP 	idel: autoDraw = False
298.6682 	EXP 	i0: autoDraw = False
298.6682 	EXP 	ienter: autoDraw = False
300.6028 	EXP 	textbox: autoDraw = True
300.6028 	EXP 	i7: autoDraw = True
300.6028 	EXP 	i7: texRes = 256.0
300.6028 	EXP 	i8: autoDraw = True
300.6028 	EXP 	i8: texRes = 128.0
300.6028 	EXP 	i9: autoDraw = True
300.6028 	EXP 	i9: texRes = 128.0
300.6028 	EXP 	i4: autoDraw = True
300.6028 	EXP 	i4: texRes = 128.0
300.6028 	EXP 	i5: autoDraw = True
300.6028 	EXP 	i5: texRes = 128.0
300.6028 	EXP 	i6: autoDraw = True
300.6028 	EXP 	i6: texRes = 128.0
300.6028 	EXP 	i1: autoDraw = True
300.6028 	EXP 	i1: texRes = 128.0
300.6028 	EXP 	i2: autoDraw = True
300.6028 	EXP 	i2: texRes = 128.0
300.6028 	EXP 	i3: autoDraw = True
300.6028 	EXP 	i3: texRes = 128.0
300.6028 	EXP 	idel: autoDraw = True
300.6028 	EXP 	idel: texRes = 128.0
300.6028 	EXP 	i0: autoDraw = True
300.6028 	EXP 	i0: texRes = 128.0
300.6028 	EXP 	ienter: autoDraw = True
300.6028 	EXP 	ienter: texRes = 128.0
301.8117 	EXP 	i7: texRes = 256.0
301.8117 	EXP 	i8: texRes = 128.0
301.8117 	EXP 	i9: texRes = 128.0
301.8117 	EXP 	i4: texRes = 128.0
301.8117 	EXP 	i5: texRes = 128.0
301.8117 	EXP 	i6: texRes = 128.0
301.8117 	EXP 	i1: texRes = 128.0
301.8117 	EXP 	i2: texRes = 128.0
301.8117 	EXP 	i3: texRes = 128.0
301.8117 	EXP 	idel: texRes = 128.0
301.8117 	EXP 	i0: texRes = 128.0
301.8117 	EXP 	ienter: texRes = 128.0
302.5301 	EXP 	i7: texRes = 256.0
302.5301 	EXP 	i8: texRes = 128.0
302.5301 	EXP 	i9: texRes = 128.0
302.5301 	EXP 	i4: texRes = 128.0
302.5301 	EXP 	i5: texRes = 128.0
302.5301 	EXP 	i6: texRes = 128.0
302.5301 	EXP 	i1: texRes = 128.0
302.5301 	EXP 	i2: texRes = 128.0
302.5301 	EXP 	i3: texRes = 128.0
302.5301 	EXP 	idel: texRes = 128.0
302.5301 	EXP 	i0: texRes = 128.0
302.5301 	EXP 	ienter: texRes = 128.0
303.8118 	EXP 	i7: texRes = 256.0
303.8118 	EXP 	i8: texRes = 128.0
303.8118 	EXP 	i9: texRes = 128.0
303.8118 	EXP 	i4: texRes = 128.0
303.8118 	EXP 	i5: texRes = 128.0
303.8118 	EXP 	i6: texRes = 128.0
303.8118 	EXP 	i1: texRes = 128.0
303.8118 	EXP 	i2: texRes = 128.0
303.8118 	EXP 	i3: texRes = 128.0
303.8118 	EXP 	idel: texRes = 128.0
303.8118 	EXP 	i0: texRes = 128.0
303.8118 	EXP 	ienter: texRes = 128.0
304.0329 	EXP 	New trial (rep=2, index=0): None
304.1286 	EXP 	textbox: autoDraw = False
304.1286 	EXP 	i7: autoDraw = False
304.1286 	EXP 	i8: autoDraw = False
304.1286 	EXP 	i9: autoDraw = False
304.1286 	EXP 	i4: autoDraw = False
304.1286 	EXP 	i5: autoDraw = False
304.1286 	EXP 	i6: autoDraw = False
304.1286 	EXP 	i1: autoDraw = False
304.1286 	EXP 	i2: autoDraw = False
304.1286 	EXP 	i3: autoDraw = False
304.1286 	EXP 	idel: autoDraw = False
304.1286 	EXP 	i0: autoDraw = False
304.1286 	EXP 	ienter: autoDraw = False
306.5113 	EXP 	textbox: autoDraw = True
306.5113 	EXP 	i7: autoDraw = True
306.5113 	EXP 	i7: texRes = 256.0
306.5113 	EXP 	i8: autoDraw = True
306.5113 	EXP 	i8: texRes = 128.0
306.5113 	EXP 	i9: autoDraw = True
306.5113 	EXP 	i9: texRes = 128.0
306.5113 	EXP 	i4: autoDraw = True
306.5113 	EXP 	i4: texRes = 128.0
306.5113 	EXP 	i5: autoDraw = True
306.5113 	EXP 	i5: texRes = 128.0
306.5113 	EXP 	i6: autoDraw = True
306.5113 	EXP 	i6: texRes = 128.0
306.5113 	EXP 	i1: autoDraw = True
306.5113 	EXP 	i1: texRes = 128.0
306.5113 	EXP 	i2: autoDraw = True
306.5113 	EXP 	i2: texRes = 128.0
306.5113 	EXP 	i3: autoDraw = True
306.5113 	EXP 	i3: texRes = 128.0
306.5113 	EXP 	idel: autoDraw = True
306.5113 	EXP 	idel: texRes = 128.0
306.5113 	EXP 	i0: autoDraw = True
306.5113 	EXP 	i0: texRes = 128.0
306.5113 	EXP 	ienter: autoDraw = True
306.5113 	EXP 	ienter: texRes = 128.0
307.3502 	EXP 	i7: texRes = 256.0
307.3502 	EXP 	i8: texRes = 128.0
307.3502 	EXP 	i9: texRes = 128.0
307.3502 	EXP 	i4: texRes = 128.0
307.3502 	EXP 	i5: texRes = 128.0
307.3502 	EXP 	i6: texRes = 128.0
307.3502 	EXP 	i1: texRes = 128.0
307.3502 	EXP 	i2: texRes = 128.0
307.3502 	EXP 	i3: texRes = 128.0
307.3502 	EXP 	idel: texRes = 128.0
307.3502 	EXP 	i0: texRes = 128.0
307.3502 	EXP 	ienter: texRes = 128.0
309.1225 	EXP 	i7: texRes = 256.0
309.1225 	EXP 	i8: texRes = 128.0
309.1225 	EXP 	i9: texRes = 128.0
309.1225 	EXP 	i4: texRes = 128.0
309.1225 	EXP 	i5: texRes = 128.0
309.1225 	EXP 	i6: texRes = 128.0
309.1225 	EXP 	i1: texRes = 128.0
309.1225 	EXP 	i2: texRes = 128.0
309.1225 	EXP 	i3: texRes = 128.0
309.1225 	EXP 	idel: texRes = 128.0
309.1225 	EXP 	i0: texRes = 128.0
309.1225 	EXP 	ienter: texRes = 128.0
309.3470 	EXP 	New trial (rep=3, index=0): None
309.4710 	EXP 	textbox: autoDraw = False
309.4710 	EXP 	i7: autoDraw = False
309.4710 	EXP 	i8: autoDraw = False
309.4710 	EXP 	i9: autoDraw = False
309.4710 	EXP 	i4: autoDraw = False
309.4710 	EXP 	i5: autoDraw = False
309.4710 	EXP 	i6: autoDraw = False
309.4710 	EXP 	i1: autoDraw = False
309.4710 	EXP 	i2: autoDraw = False
309.4710 	EXP 	i3: autoDraw = False
309.4710 	EXP 	idel: autoDraw = False
309.4710 	EXP 	i0: autoDraw = False
309.4710 	EXP 	ienter: autoDraw = False
310.8595 	EXP 	textbox: autoDraw = True
310.8595 	EXP 	i7: autoDraw = True
310.8595 	EXP 	i7: texRes = 256.0
310.8595 	EXP 	i8: autoDraw = True
310.8595 	EXP 	i8: texRes = 128.0
310.8595 	EXP 	i9: autoDraw = True
310.8595 	EXP 	i9: texRes = 128.0
310.8595 	EXP 	i4: autoDraw = True
310.8595 	EXP 	i4: texRes = 128.0
310.8595 	EXP 	i5: autoDraw = True
310.8595 	EXP 	i5: texRes = 128.0
310.8595 	EXP 	i6: autoDraw = True
310.8595 	EXP 	i6: texRes = 128.0
310.8595 	EXP 	i1: autoDraw = True
310.8595 	EXP 	i1: texRes = 128.0
310.8595 	EXP 	i2: autoDraw = True
310.8595 	EXP 	i2: texRes = 128.0
310.8595 	EXP 	i3: autoDraw = True
310.8595 	EXP 	i3: texRes = 128.0
310.8595 	EXP 	idel: autoDraw = True
310.8595 	EXP 	idel: texRes = 128.0
310.8595 	EXP 	i0: autoDraw = True
310.8595 	EXP 	i0: texRes = 128.0
310.8595 	EXP 	ienter: autoDraw = True
310.8595 	EXP 	ienter: texRes = 128.0
311.3850 	EXP 	i7: texRes = 256.0
311.3850 	EXP 	i8: texRes = 128.0
311.3850 	EXP 	i9: texRes = 128.0
311.3850 	EXP 	i4: texRes = 128.0
311.3850 	EXP 	i5: texRes = 128.0
311.3850 	EXP 	i6: texRes = 128.0
311.3850 	EXP 	i1: texRes = 128.0
311.3850 	EXP 	i2: texRes = 128.0
311.3850 	EXP 	i3: texRes = 128.0
311.3850 	EXP 	idel: texRes = 128.0
311.3850 	EXP 	i0: texRes = 128.0
311.3850 	EXP 	ienter: texRes = 128.0
311.9037 	EXP 	i7: texRes = 256.0
311.9037 	EXP 	i8: texRes = 128.0
311.9037 	EXP 	i9: texRes = 128.0
311.9037 	EXP 	i4: texRes = 128.0
311.9037 	EXP 	i5: texRes = 128.0
311.9037 	EXP 	i6: texRes = 128.0
311.9037 	EXP 	i1: texRes = 128.0
311.9037 	EXP 	i2: texRes = 128.0
311.9037 	EXP 	i3: texRes = 128.0
311.9037 	EXP 	idel: texRes = 128.0
311.9037 	EXP 	i0: texRes = 128.0
311.9037 	EXP 	ienter: texRes = 128.0
312.3485 	EXP 	i7: texRes = 256.0
312.3485 	EXP 	i8: texRes = 128.0
312.3485 	EXP 	i9: texRes = 128.0
312.3485 	EXP 	i4: texRes = 128.0
312.3485 	EXP 	i5: texRes = 128.0
312.3485 	EXP 	i6: texRes = 128.0
312.3485 	EXP 	i1: texRes = 128.0
312.3485 	EXP 	i2: texRes = 128.0
312.3485 	EXP 	i3: texRes = 128.0
312.3485 	EXP 	idel: texRes = 128.0
312.3485 	EXP 	i0: texRes = 128.0
312.3485 	EXP 	ienter: texRes = 128.0
312.9386 	EXP 	i7: texRes = 256.0
312.9386 	EXP 	i8: texRes = 128.0
312.9386 	EXP 	i9: texRes = 128.0
312.9386 	EXP 	i4: texRes = 128.0
312.9386 	EXP 	i5: texRes = 128.0
312.9386 	EXP 	i6: texRes = 128.0
312.9386 	EXP 	i1: texRes = 128.0
312.9386 	EXP 	i2: texRes = 128.0
312.9386 	EXP 	i3: texRes = 128.0
312.9386 	EXP 	idel: texRes = 128.0
312.9386 	EXP 	i0: texRes = 128.0
312.9386 	EXP 	ienter: texRes = 128.0
313.4411 	EXP 	i7: texRes = 256.0
313.4411 	EXP 	i8: texRes = 128.0
313.4411 	EXP 	i9: texRes = 128.0
313.4411 	EXP 	i4: texRes = 128.0
313.4411 	EXP 	i5: texRes = 128.0
313.4411 	EXP 	i6: texRes = 128.0
313.4411 	EXP 	i1: texRes = 128.0
313.4411 	EXP 	i2: texRes = 128.0
313.4411 	EXP 	i3: texRes = 128.0
313.4411 	EXP 	idel: texRes = 128.0
313.4411 	EXP 	i0: texRes = 128.0
313.4411 	EXP 	ienter: texRes = 128.0
313.8276 	EXP 	i7: texRes = 256.0
313.8276 	EXP 	i8: texRes = 128.0
313.8276 	EXP 	i9: texRes = 128.0
313.8276 	EXP 	i4: texRes = 128.0
313.8276 	EXP 	i5: texRes = 128.0
313.8276 	EXP 	i6: texRes = 128.0
313.8276 	EXP 	i1: texRes = 128.0
313.8276 	EXP 	i2: texRes = 128.0
313.8276 	EXP 	i3: texRes = 128.0
313.8276 	EXP 	idel: texRes = 128.0
313.8276 	EXP 	i0: texRes = 128.0
313.8276 	EXP 	ienter: texRes = 128.0
314.3944 	EXP 	i7: texRes = 256.0
314.3944 	EXP 	i8: texRes = 128.0
314.3944 	EXP 	i9: texRes = 128.0
314.3944 	EXP 	i4: texRes = 128.0
314.3944 	EXP 	i5: texRes = 128.0
314.3944 	EXP 	i6: texRes = 128.0
314.3944 	EXP 	i1: texRes = 128.0
314.3944 	EXP 	i2: texRes = 128.0
314.3944 	EXP 	i3: texRes = 128.0
314.3944 	EXP 	idel: texRes = 128.0
314.3944 	EXP 	i0: texRes = 128.0
314.3944 	EXP 	ienter: texRes = 128.0
314.8723 	EXP 	i7: texRes = 256.0
314.8723 	EXP 	i8: texRes = 128.0
314.8723 	EXP 	i9: texRes = 128.0
314.8723 	EXP 	i4: texRes = 128.0
314.8723 	EXP 	i5: texRes = 128.0
314.8723 	EXP 	i6: texRes = 128.0
314.8723 	EXP 	i1: texRes = 128.0
314.8723 	EXP 	i2: texRes = 128.0
314.8723 	EXP 	i3: texRes = 128.0
314.8723 	EXP 	idel: texRes = 128.0
314.8723 	EXP 	i0: texRes = 128.0
314.8723 	EXP 	ienter: texRes = 128.0
315.7732 	EXP 	i7: texRes = 256.0
315.7732 	EXP 	i8: texRes = 128.0
315.7732 	EXP 	i9: texRes = 128.0
315.7732 	EXP 	i4: texRes = 128.0
315.7732 	EXP 	i5: texRes = 128.0
315.7732 	EXP 	i6: texRes = 128.0
315.7732 	EXP 	i1: texRes = 128.0
315.7732 	EXP 	i2: texRes = 128.0
315.7732 	EXP 	i3: texRes = 128.0
315.7732 	EXP 	idel: texRes = 128.0
315.7732 	EXP 	i0: texRes = 128.0
315.7732 	EXP 	ienter: texRes = 128.0
315.8647 	EXP 	New trial (rep=4, index=0): None
315.9590 	EXP 	textbox: autoDraw = False
315.9590 	EXP 	i7: autoDraw = False
315.9590 	EXP 	i8: autoDraw = False
315.9590 	EXP 	i9: autoDraw = False
315.9590 	EXP 	i4: autoDraw = False
315.9590 	EXP 	i5: autoDraw = False
315.9590 	EXP 	i6: autoDraw = False
315.9590 	EXP 	i1: autoDraw = False
315.9590 	EXP 	i2: autoDraw = False
315.9590 	EXP 	i3: autoDraw = False
315.9590 	EXP 	idel: autoDraw = False
315.9590 	EXP 	i0: autoDraw = False
315.9590 	EXP 	ienter: autoDraw = False
317.5758 	EXP 	textbox: autoDraw = True
317.5758 	EXP 	i7: autoDraw = True
317.5758 	EXP 	i7: texRes = 256.0
317.5758 	EXP 	i8: autoDraw = True
317.5758 	EXP 	i8: texRes = 128.0
317.5758 	EXP 	i9: autoDraw = True
317.5758 	EXP 	i9: texRes = 128.0
317.5758 	EXP 	i4: autoDraw = True
317.5758 	EXP 	i4: texRes = 128.0
317.5758 	EXP 	i5: autoDraw = True
317.5758 	EXP 	i5: texRes = 128.0
317.5758 	EXP 	i6: autoDraw = True
317.5758 	EXP 	i6: texRes = 128.0
317.5758 	EXP 	i1: autoDraw = True
317.5758 	EXP 	i1: texRes = 128.0
317.5758 	EXP 	i2: autoDraw = True
317.5758 	EXP 	i2: texRes = 128.0
317.5758 	EXP 	i3: autoDraw = True
317.5758 	EXP 	i3: texRes = 128.0
317.5758 	EXP 	idel: autoDraw = True
317.5758 	EXP 	idel: texRes = 128.0
317.5758 	EXP 	i0: autoDraw = True
317.5758 	EXP 	i0: texRes = 128.0
317.5758 	EXP 	ienter: autoDraw = True
317.5758 	EXP 	ienter: texRes = 128.0
319.0414 	EXP 	i7: texRes = 256.0
319.0414 	EXP 	i8: texRes = 128.0
319.0414 	EXP 	i9: texRes = 128.0
319.0414 	EXP 	i4: texRes = 128.0
319.0414 	EXP 	i5: texRes = 128.0
319.0414 	EXP 	i6: texRes = 128.0
319.0414 	EXP 	i1: texRes = 128.0
319.0414 	EXP 	i2: texRes = 128.0
319.0414 	EXP 	i3: texRes = 128.0
319.0414 	EXP 	idel: texRes = 128.0
319.0414 	EXP 	i0: texRes = 128.0
319.0414 	EXP 	ienter: texRes = 128.0
319.5386 	EXP 	i7: texRes = 256.0
319.5386 	EXP 	i8: texRes = 128.0
319.5386 	EXP 	i9: texRes = 128.0
319.5386 	EXP 	i4: texRes = 128.0
319.5386 	EXP 	i5: texRes = 128.0
319.5386 	EXP 	i6: texRes = 128.0
319.5386 	EXP 	i1: texRes = 128.0
319.5386 	EXP 	i2: texRes = 128.0
319.5386 	EXP 	i3: texRes = 128.0
319.5386 	EXP 	idel: texRes = 128.0
319.5386 	EXP 	i0: texRes = 128.0
319.5386 	EXP 	ienter: texRes = 128.0
319.9637 	EXP 	i7: texRes = 256.0
319.9637 	EXP 	i8: texRes = 128.0
319.9637 	EXP 	i9: texRes = 128.0
319.9637 	EXP 	i4: texRes = 128.0
319.9637 	EXP 	i5: texRes = 128.0
319.9637 	EXP 	i6: texRes = 128.0
319.9637 	EXP 	i1: texRes = 128.0
319.9637 	EXP 	i2: texRes = 128.0
319.9637 	EXP 	i3: texRes = 128.0
319.9637 	EXP 	idel: texRes = 128.0
319.9637 	EXP 	i0: texRes = 128.0
319.9637 	EXP 	ienter: texRes = 128.0
320.8205 	EXP 	i7: texRes = 256.0
320.8205 	EXP 	i8: texRes = 128.0
320.8205 	EXP 	i9: texRes = 128.0
320.8205 	EXP 	i4: texRes = 128.0
320.8205 	EXP 	i5: texRes = 128.0
320.8205 	EXP 	i6: texRes = 128.0
320.8205 	EXP 	i1: texRes = 128.0
320.8205 	EXP 	i2: texRes = 128.0
320.8205 	EXP 	i3: texRes = 128.0
320.8205 	EXP 	idel: texRes = 128.0
320.8205 	EXP 	i0: texRes = 128.0
320.8205 	EXP 	ienter: texRes = 128.0
322.1580 	EXP 	i7: texRes = 256.0
322.1580 	EXP 	i8: texRes = 128.0
322.1580 	EXP 	i9: texRes = 128.0
322.1580 	EXP 	i4: texRes = 128.0
322.1580 	EXP 	i5: texRes = 128.0
322.1580 	EXP 	i6: texRes = 128.0
322.1580 	EXP 	i1: texRes = 128.0
322.1580 	EXP 	i2: texRes = 128.0
322.1580 	EXP 	i3: texRes = 128.0
322.1580 	EXP 	idel: texRes = 128.0
322.1580 	EXP 	i0: texRes = 128.0
322.1580 	EXP 	ienter: texRes = 128.0
322.2431 	EXP 	New trial (rep=5, index=0): None
322.3903 	EXP 	textbox: autoDraw = False
322.3903 	EXP 	i7: autoDraw = False
322.3903 	EXP 	i8: autoDraw = False
322.3903 	EXP 	i9: autoDraw = False
322.3903 	EXP 	i4: autoDraw = False
322.3903 	EXP 	i5: autoDraw = False
322.3903 	EXP 	i6: autoDraw = False
322.3903 	EXP 	i1: autoDraw = False
322.3903 	EXP 	i2: autoDraw = False
322.3903 	EXP 	i3: autoDraw = False
322.3903 	EXP 	idel: autoDraw = False
322.3903 	EXP 	i0: autoDraw = False
322.3903 	EXP 	ienter: autoDraw = False
323.7367 	EXP 	textbox: autoDraw = True
323.7367 	EXP 	i7: autoDraw = True
323.7367 	EXP 	i7: texRes = 256.0
323.7367 	EXP 	i8: autoDraw = True
323.7367 	EXP 	i8: texRes = 128.0
323.7367 	EXP 	i9: autoDraw = True
323.7367 	EXP 	i9: texRes = 128.0
323.7367 	EXP 	i4: autoDraw = True
323.7367 	EXP 	i4: texRes = 128.0
323.7367 	EXP 	i5: autoDraw = True
323.7367 	EXP 	i5: texRes = 128.0
323.7367 	EXP 	i6: autoDraw = True
323.7367 	EXP 	i6: texRes = 128.0
323.7367 	EXP 	i1: autoDraw = True
323.7367 	EXP 	i1: texRes = 128.0
323.7367 	EXP 	i2: autoDraw = True
323.7367 	EXP 	i2: texRes = 128.0
323.7367 	EXP 	i3: autoDraw = True
323.7367 	EXP 	i3: texRes = 128.0
323.7367 	EXP 	idel: autoDraw = True
323.7367 	EXP 	idel: texRes = 128.0
323.7367 	EXP 	i0: autoDraw = True
323.7367 	EXP 	i0: texRes = 128.0
323.7367 	EXP 	ienter: autoDraw = True
323.7367 	EXP 	ienter: texRes = 128.0
324.2066 	EXP 	i7: texRes = 256.0
324.2066 	EXP 	i8: texRes = 128.0
324.2066 	EXP 	i9: texRes = 128.0
324.2066 	EXP 	i4: texRes = 128.0
324.2066 	EXP 	i5: texRes = 128.0
324.2066 	EXP 	i6: texRes = 128.0
324.2066 	EXP 	i1: texRes = 128.0
324.2066 	EXP 	i2: texRes = 128.0
324.2066 	EXP 	i3: texRes = 128.0
324.2066 	EXP 	idel: texRes = 128.0
324.2066 	EXP 	i0: texRes = 128.0
324.2066 	EXP 	ienter: texRes = 128.0
324.6513 	EXP 	i7: texRes = 256.0
324.6513 	EXP 	i8: texRes = 128.0
324.6513 	EXP 	i9: texRes = 128.0
324.6513 	EXP 	i4: texRes = 128.0
324.6513 	EXP 	i5: texRes = 128.0
324.6513 	EXP 	i6: texRes = 128.0
324.6513 	EXP 	i1: texRes = 128.0
324.6513 	EXP 	i2: texRes = 128.0
324.6513 	EXP 	i3: texRes = 128.0
324.6513 	EXP 	idel: texRes = 128.0
324.6513 	EXP 	i0: texRes = 128.0
324.6513 	EXP 	ienter: texRes = 128.0
325.1825 	EXP 	i7: texRes = 256.0
325.1825 	EXP 	i8: texRes = 128.0
325.1825 	EXP 	i9: texRes = 128.0
325.1825 	EXP 	i4: texRes = 128.0
325.1825 	EXP 	i5: texRes = 128.0
325.1825 	EXP 	i6: texRes = 128.0
325.1825 	EXP 	i1: texRes = 128.0
325.1825 	EXP 	i2: texRes = 128.0
325.1825 	EXP 	i3: texRes = 128.0
325.1825 	EXP 	idel: texRes = 128.0
325.1825 	EXP 	i0: texRes = 128.0
325.1825 	EXP 	ienter: texRes = 128.0
326.0027 	EXP 	i7: texRes = 256.0
326.0027 	EXP 	i8: texRes = 128.0
326.0027 	EXP 	i9: texRes = 128.0
326.0027 	EXP 	i4: texRes = 128.0
326.0027 	EXP 	i5: texRes = 128.0
326.0027 	EXP 	i6: texRes = 128.0
326.0027 	EXP 	i1: texRes = 128.0
326.0027 	EXP 	i2: texRes = 128.0
326.0027 	EXP 	i3: texRes = 128.0
326.0027 	EXP 	idel: texRes = 128.0
326.0027 	EXP 	i0: texRes = 128.0
326.0027 	EXP 	ienter: texRes = 128.0
326.8424 	EXP 	i7: texRes = 256.0
326.8424 	EXP 	i8: texRes = 128.0
326.8424 	EXP 	i9: texRes = 128.0
326.8424 	EXP 	i4: texRes = 128.0
326.8424 	EXP 	i5: texRes = 128.0
326.8424 	EXP 	i6: texRes = 128.0
326.8424 	EXP 	i1: texRes = 128.0
326.8424 	EXP 	i2: texRes = 128.0
326.8424 	EXP 	i3: texRes = 128.0
326.8424 	EXP 	idel: texRes = 128.0
326.8424 	EXP 	i0: texRes = 128.0
326.8424 	EXP 	ienter: texRes = 128.0
327.7567 	EXP 	i7: texRes = 256.0
327.7567 	EXP 	i8: texRes = 128.0
327.7567 	EXP 	i9: texRes = 128.0
327.7567 	EXP 	i4: texRes = 128.0
327.7567 	EXP 	i5: texRes = 128.0
327.7567 	EXP 	i6: texRes = 128.0
327.7567 	EXP 	i1: texRes = 128.0
327.7567 	EXP 	i2: texRes = 128.0
327.7567 	EXP 	i3: texRes = 128.0
327.7567 	EXP 	idel: texRes = 128.0
327.7567 	EXP 	i0: texRes = 128.0
327.7567 	EXP 	ienter: texRes = 128.0
327.9599 	EXP 	New trial (rep=6, index=0): None
328.0546 	EXP 	textbox: autoDraw = False
328.0546 	EXP 	i7: autoDraw = False
328.0546 	EXP 	i8: autoDraw = False
328.0546 	EXP 	i9: autoDraw = False
328.0546 	EXP 	i4: autoDraw = False
328.0546 	EXP 	i5: autoDraw = False
328.0546 	EXP 	i6: autoDraw = False
328.0546 	EXP 	i1: autoDraw = False
328.0546 	EXP 	i2: autoDraw = False
328.0546 	EXP 	i3: autoDraw = False
328.0546 	EXP 	idel: autoDraw = False
328.0546 	EXP 	i0: autoDraw = False
328.0546 	EXP 	ienter: autoDraw = False
330.7689 	EXP 	textbox: autoDraw = True
330.7689 	EXP 	i7: autoDraw = True
330.7689 	EXP 	i7: texRes = 256.0
330.7689 	EXP 	i8: autoDraw = True
330.7689 	EXP 	i8: texRes = 128.0
330.7689 	EXP 	i9: autoDraw = True
330.7689 	EXP 	i9: texRes = 128.0
330.7689 	EXP 	i4: autoDraw = True
330.7689 	EXP 	i4: texRes = 128.0
330.7689 	EXP 	i5: autoDraw = True
330.7689 	EXP 	i5: texRes = 128.0
330.7689 	EXP 	i6: autoDraw = True
330.7689 	EXP 	i6: texRes = 128.0
330.7689 	EXP 	i1: autoDraw = True
330.7689 	EXP 	i1: texRes = 128.0
330.7689 	EXP 	i2: autoDraw = True
330.7689 	EXP 	i2: texRes = 128.0
330.7689 	EXP 	i3: autoDraw = True
330.7689 	EXP 	i3: texRes = 128.0
330.7689 	EXP 	idel: autoDraw = True
330.7689 	EXP 	idel: texRes = 128.0
330.7689 	EXP 	i0: autoDraw = True
330.7689 	EXP 	i0: texRes = 128.0
330.7689 	EXP 	ienter: autoDraw = True
330.7689 	EXP 	ienter: texRes = 128.0
333.2060 	EXP 	i7: texRes = 256.0
333.2060 	EXP 	i8: texRes = 128.0
333.2060 	EXP 	i9: texRes = 128.0
333.2060 	EXP 	i4: texRes = 128.0
333.2060 	EXP 	i5: texRes = 128.0
333.2060 	EXP 	i6: texRes = 128.0
333.2060 	EXP 	i1: texRes = 128.0
333.2060 	EXP 	i2: texRes = 128.0
333.2060 	EXP 	i3: texRes = 128.0
333.2060 	EXP 	idel: texRes = 128.0
333.2060 	EXP 	i0: texRes = 128.0
333.2060 	EXP 	ienter: texRes = 128.0
333.6116 	EXP 	New trial (rep=7, index=0): None
334.1282 	EXP 	textbox: autoDraw = False
334.1282 	EXP 	i7: autoDraw = False
334.1282 	EXP 	i8: autoDraw = False
334.1282 	EXP 	i9: autoDraw = False
334.1282 	EXP 	i4: autoDraw = False
334.1282 	EXP 	i5: autoDraw = False
334.1282 	EXP 	i6: autoDraw = False
334.1282 	EXP 	i1: autoDraw = False
334.1282 	EXP 	i2: autoDraw = False
334.1282 	EXP 	i3: autoDraw = False
334.1282 	EXP 	idel: autoDraw = False
334.1282 	EXP 	i0: autoDraw = False
334.1282 	EXP 	ienter: autoDraw = False
336.9923 	EXP 	textbox: autoDraw = True
336.9923 	EXP 	i7: autoDraw = True
336.9923 	EXP 	i7: texRes = 256.0
336.9923 	EXP 	i8: autoDraw = True
336.9923 	EXP 	i8: texRes = 128.0
336.9923 	EXP 	i9: autoDraw = True
336.9923 	EXP 	i9: texRes = 128.0
336.9923 	EXP 	i4: autoDraw = True
336.9923 	EXP 	i4: texRes = 128.0
336.9923 	EXP 	i5: autoDraw = True
336.9923 	EXP 	i5: texRes = 128.0
336.9923 	EXP 	i6: autoDraw = True
336.9923 	EXP 	i6: texRes = 128.0
336.9923 	EXP 	i1: autoDraw = True
336.9923 	EXP 	i1: texRes = 128.0
336.9923 	EXP 	i2: autoDraw = True
336.9923 	EXP 	i2: texRes = 128.0
336.9923 	EXP 	i3: autoDraw = True
336.9923 	EXP 	i3: texRes = 128.0
336.9923 	EXP 	idel: autoDraw = True
336.9923 	EXP 	idel: texRes = 128.0
336.9923 	EXP 	i0: autoDraw = True
336.9923 	EXP 	i0: texRes = 128.0
336.9923 	EXP 	ienter: autoDraw = True
336.9923 	EXP 	ienter: texRes = 128.0
337.8180 	EXP 	i7: texRes = 256.0
337.8180 	EXP 	i8: texRes = 128.0
337.8180 	EXP 	i9: texRes = 128.0
337.8180 	EXP 	i4: texRes = 128.0
337.8180 	EXP 	i5: texRes = 128.0
337.8180 	EXP 	i6: texRes = 128.0
337.8180 	EXP 	i1: texRes = 128.0
337.8180 	EXP 	i2: texRes = 128.0
337.8180 	EXP 	i3: texRes = 128.0
337.8180 	EXP 	idel: texRes = 128.0
337.8180 	EXP 	i0: texRes = 128.0
337.8180 	EXP 	ienter: texRes = 128.0
338.4520 	EXP 	i7: texRes = 256.0
338.4520 	EXP 	i8: texRes = 128.0
338.4520 	EXP 	i9: texRes = 128.0
338.4520 	EXP 	i4: texRes = 128.0
338.4520 	EXP 	i5: texRes = 128.0
338.4520 	EXP 	i6: texRes = 128.0
338.4520 	EXP 	i1: texRes = 128.0
338.4520 	EXP 	i2: texRes = 128.0
338.4520 	EXP 	i3: texRes = 128.0
338.4520 	EXP 	idel: texRes = 128.0
338.4520 	EXP 	i0: texRes = 128.0
338.4520 	EXP 	ienter: texRes = 128.0
338.9425 	EXP 	i7: texRes = 256.0
338.9425 	EXP 	i8: texRes = 128.0
338.9425 	EXP 	i9: texRes = 128.0
338.9425 	EXP 	i4: texRes = 128.0
338.9425 	EXP 	i5: texRes = 128.0
338.9425 	EXP 	i6: texRes = 128.0
338.9425 	EXP 	i1: texRes = 128.0
338.9425 	EXP 	i2: texRes = 128.0
338.9425 	EXP 	i3: texRes = 128.0
338.9425 	EXP 	idel: texRes = 128.0
338.9425 	EXP 	i0: texRes = 128.0
338.9425 	EXP 	ienter: texRes = 128.0
339.4737 	EXP 	i7: texRes = 256.0
339.4737 	EXP 	i8: texRes = 128.0
339.4737 	EXP 	i9: texRes = 128.0
339.4737 	EXP 	i4: texRes = 128.0
339.4737 	EXP 	i5: texRes = 128.0
339.4737 	EXP 	i6: texRes = 128.0
339.4737 	EXP 	i1: texRes = 128.0
339.4737 	EXP 	i2: texRes = 128.0
339.4737 	EXP 	i3: texRes = 128.0
339.4737 	EXP 	idel: texRes = 128.0
339.4737 	EXP 	i0: texRes = 128.0
339.4737 	EXP 	ienter: texRes = 128.0
339.5360 	EXP 	New trial (rep=8, index=0): None
339.7228 	EXP 	textbox: autoDraw = False
339.7228 	EXP 	i7: autoDraw = False
339.7228 	EXP 	i8: autoDraw = False
339.7228 	EXP 	i9: autoDraw = False
339.7228 	EXP 	i4: autoDraw = False
339.7228 	EXP 	i5: autoDraw = False
339.7228 	EXP 	i6: autoDraw = False
339.7228 	EXP 	i1: autoDraw = False
339.7228 	EXP 	i2: autoDraw = False
339.7228 	EXP 	i3: autoDraw = False
339.7228 	EXP 	idel: autoDraw = False
339.7228 	EXP 	i0: autoDraw = False
339.7228 	EXP 	ienter: autoDraw = False
341.5363 	EXP 	textbox: autoDraw = True
341.5363 	EXP 	i7: autoDraw = True
341.5363 	EXP 	i7: texRes = 256.0
341.5363 	EXP 	i8: autoDraw = True
341.5363 	EXP 	i8: texRes = 128.0
341.5363 	EXP 	i9: autoDraw = True
341.5363 	EXP 	i9: texRes = 128.0
341.5363 	EXP 	i4: autoDraw = True
341.5363 	EXP 	i4: texRes = 128.0
341.5363 	EXP 	i5: autoDraw = True
341.5363 	EXP 	i5: texRes = 128.0
341.5363 	EXP 	i6: autoDraw = True
341.5363 	EXP 	i6: texRes = 128.0
341.5363 	EXP 	i1: autoDraw = True
341.5363 	EXP 	i1: texRes = 128.0
341.5363 	EXP 	i2: autoDraw = True
341.5363 	EXP 	i2: texRes = 128.0
341.5363 	EXP 	i3: autoDraw = True
341.5363 	EXP 	i3: texRes = 128.0
341.5363 	EXP 	idel: autoDraw = True
341.5363 	EXP 	idel: texRes = 128.0
341.5363 	EXP 	i0: autoDraw = True
341.5363 	EXP 	i0: texRes = 128.0
341.5363 	EXP 	ienter: autoDraw = True
341.5363 	EXP 	ienter: texRes = 128.0
342.3674 	EXP 	i7: texRes = 256.0
342.3674 	EXP 	i8: texRes = 128.0
342.3674 	EXP 	i9: texRes = 128.0
342.3674 	EXP 	i4: texRes = 128.0
342.3674 	EXP 	i5: texRes = 128.0
342.3674 	EXP 	i6: texRes = 128.0
342.3674 	EXP 	i1: texRes = 128.0
342.3674 	EXP 	i2: texRes = 128.0
342.3674 	EXP 	i3: texRes = 128.0
342.3674 	EXP 	idel: texRes = 128.0
342.3674 	EXP 	i0: texRes = 128.0
342.3674 	EXP 	ienter: texRes = 128.0
342.9972 	EXP 	i7: texRes = 256.0
342.9972 	EXP 	i8: texRes = 128.0
342.9972 	EXP 	i9: texRes = 128.0
342.9972 	EXP 	i4: texRes = 128.0
342.9972 	EXP 	i5: texRes = 128.0
342.9972 	EXP 	i6: texRes = 128.0
342.9972 	EXP 	i1: texRes = 128.0
342.9972 	EXP 	i2: texRes = 128.0
342.9972 	EXP 	i3: texRes = 128.0
342.9972 	EXP 	idel: texRes = 128.0
342.9972 	EXP 	i0: texRes = 128.0
342.9972 	EXP 	ienter: texRes = 128.0
344.0474 	EXP 	i7: texRes = 256.0
344.0474 	EXP 	i8: texRes = 128.0
344.0474 	EXP 	i9: texRes = 128.0
344.0474 	EXP 	i4: texRes = 128.0
344.0474 	EXP 	i5: texRes = 128.0
344.0474 	EXP 	i6: texRes = 128.0
344.0474 	EXP 	i1: texRes = 128.0
344.0474 	EXP 	i2: texRes = 128.0
344.0474 	EXP 	i3: texRes = 128.0
344.0474 	EXP 	idel: texRes = 128.0
344.0474 	EXP 	i0: texRes = 128.0
344.0474 	EXP 	ienter: texRes = 128.0
344.7280 	EXP 	i7: texRes = 256.0
344.7280 	EXP 	i8: texRes = 128.0
344.7280 	EXP 	i9: texRes = 128.0
344.7280 	EXP 	i4: texRes = 128.0
344.7280 	EXP 	i5: texRes = 128.0
344.7280 	EXP 	i6: texRes = 128.0
344.7280 	EXP 	i1: texRes = 128.0
344.7280 	EXP 	i2: texRes = 128.0
344.7280 	EXP 	i3: texRes = 128.0
344.7280 	EXP 	idel: texRes = 128.0
344.7280 	EXP 	i0: texRes = 128.0
344.7280 	EXP 	ienter: texRes = 128.0
345.0717 	EXP 	i7: texRes = 256.0
345.0717 	EXP 	i8: texRes = 128.0
345.0717 	EXP 	i9: texRes = 128.0
345.0717 	EXP 	i4: texRes = 128.0
345.0717 	EXP 	i5: texRes = 128.0
345.0717 	EXP 	i6: texRes = 128.0
345.0717 	EXP 	i1: texRes = 128.0
345.0717 	EXP 	i2: texRes = 128.0
345.0717 	EXP 	i3: texRes = 128.0
345.0717 	EXP 	idel: texRes = 128.0
345.0717 	EXP 	i0: texRes = 128.0
345.0717 	EXP 	ienter: texRes = 128.0
346.0766 	EXP 	i7: texRes = 256.0
346.0766 	EXP 	i8: texRes = 128.0
346.0766 	EXP 	i9: texRes = 128.0
346.0766 	EXP 	i4: texRes = 128.0
346.0766 	EXP 	i5: texRes = 128.0
346.0766 	EXP 	i6: texRes = 128.0
346.0766 	EXP 	i1: texRes = 128.0
346.0766 	EXP 	i2: texRes = 128.0
346.0766 	EXP 	i3: texRes = 128.0
346.0766 	EXP 	idel: texRes = 128.0
346.0766 	EXP 	i0: texRes = 128.0
346.0766 	EXP 	ienter: texRes = 128.0
346.1217 	EXP 	New trial (rep=9, index=0): None
346.2198 	EXP 	textbox: autoDraw = False
346.2198 	EXP 	i7: autoDraw = False
346.2198 	EXP 	i8: autoDraw = False
346.2198 	EXP 	i9: autoDraw = False
346.2198 	EXP 	i4: autoDraw = False
346.2198 	EXP 	i5: autoDraw = False
346.2198 	EXP 	i6: autoDraw = False
346.2198 	EXP 	i1: autoDraw = False
346.2198 	EXP 	i2: autoDraw = False
346.2198 	EXP 	i3: autoDraw = False
346.2198 	EXP 	idel: autoDraw = False
346.2198 	EXP 	i0: autoDraw = False
346.2198 	EXP 	ienter: autoDraw = False
347.7555 	EXP 	textbox: autoDraw = True
347.7555 	EXP 	i7: autoDraw = True
347.7555 	EXP 	i7: texRes = 256.0
347.7555 	EXP 	i8: autoDraw = True
347.7555 	EXP 	i8: texRes = 128.0
347.7555 	EXP 	i9: autoDraw = True
347.7555 	EXP 	i9: texRes = 128.0
347.7555 	EXP 	i4: autoDraw = True
347.7555 	EXP 	i4: texRes = 128.0
347.7555 	EXP 	i5: autoDraw = True
347.7555 	EXP 	i5: texRes = 128.0
347.7555 	EXP 	i6: autoDraw = True
347.7555 	EXP 	i6: texRes = 128.0
347.7555 	EXP 	i1: autoDraw = True
347.7555 	EXP 	i1: texRes = 128.0
347.7555 	EXP 	i2: autoDraw = True
347.7555 	EXP 	i2: texRes = 128.0
347.7555 	EXP 	i3: autoDraw = True
347.7555 	EXP 	i3: texRes = 128.0
347.7555 	EXP 	idel: autoDraw = True
347.7555 	EXP 	idel: texRes = 128.0
347.7555 	EXP 	i0: autoDraw = True
347.7555 	EXP 	i0: texRes = 128.0
347.7555 	EXP 	ienter: autoDraw = True
347.7555 	EXP 	ienter: texRes = 128.0
348.2769 	EXP 	i7: texRes = 256.0
348.2769 	EXP 	i8: texRes = 128.0
348.2769 	EXP 	i9: texRes = 128.0
348.2769 	EXP 	i4: texRes = 128.0
348.2769 	EXP 	i5: texRes = 128.0
348.2769 	EXP 	i6: texRes = 128.0
348.2769 	EXP 	i1: texRes = 128.0
348.2769 	EXP 	i2: texRes = 128.0
348.2769 	EXP 	i3: texRes = 128.0
348.2769 	EXP 	idel: texRes = 128.0
348.2769 	EXP 	i0: texRes = 128.0
348.2769 	EXP 	ienter: texRes = 128.0
348.8654 	EXP 	i7: texRes = 256.0
348.8654 	EXP 	i8: texRes = 128.0
348.8654 	EXP 	i9: texRes = 128.0
348.8654 	EXP 	i4: texRes = 128.0
348.8654 	EXP 	i5: texRes = 128.0
348.8654 	EXP 	i6: texRes = 128.0
348.8654 	EXP 	i1: texRes = 128.0
348.8654 	EXP 	i2: texRes = 128.0
348.8654 	EXP 	i3: texRes = 128.0
348.8654 	EXP 	idel: texRes = 128.0
348.8654 	EXP 	i0: texRes = 128.0
348.8654 	EXP 	ienter: texRes = 128.0
349.2742 	EXP 	i7: texRes = 256.0
349.2742 	EXP 	i8: texRes = 128.0
349.2742 	EXP 	i9: texRes = 128.0
349.2742 	EXP 	i4: texRes = 128.0
349.2742 	EXP 	i5: texRes = 128.0
349.2742 	EXP 	i6: texRes = 128.0
349.2742 	EXP 	i1: texRes = 128.0
349.2742 	EXP 	i2: texRes = 128.0
349.2742 	EXP 	i3: texRes = 128.0
349.2742 	EXP 	idel: texRes = 128.0
349.2742 	EXP 	i0: texRes = 128.0
349.2742 	EXP 	ienter: texRes = 128.0
349.7523 	EXP 	i7: texRes = 256.0
349.7523 	EXP 	i8: texRes = 128.0
349.7523 	EXP 	i9: texRes = 128.0
349.7523 	EXP 	i4: texRes = 128.0
349.7523 	EXP 	i5: texRes = 128.0
349.7523 	EXP 	i6: texRes = 128.0
349.7523 	EXP 	i1: texRes = 128.0
349.7523 	EXP 	i2: texRes = 128.0
349.7523 	EXP 	i3: texRes = 128.0
349.7523 	EXP 	idel: texRes = 128.0
349.7523 	EXP 	i0: texRes = 128.0
349.7523 	EXP 	ienter: texRes = 128.0
350.2204 	EXP 	i7: texRes = 256.0
350.2204 	EXP 	i8: texRes = 128.0
350.2204 	EXP 	i9: texRes = 128.0
350.2204 	EXP 	i4: texRes = 128.0
350.2204 	EXP 	i5: texRes = 128.0
350.2204 	EXP 	i6: texRes = 128.0
350.2204 	EXP 	i1: texRes = 128.0
350.2204 	EXP 	i2: texRes = 128.0
350.2204 	EXP 	i3: texRes = 128.0
350.2204 	EXP 	idel: texRes = 128.0
350.2204 	EXP 	i0: texRes = 128.0
350.2204 	EXP 	ienter: texRes = 128.0
350.5718 	EXP 	i7: texRes = 256.0
350.5718 	EXP 	i8: texRes = 128.0
350.5718 	EXP 	i9: texRes = 128.0
350.5718 	EXP 	i4: texRes = 128.0
350.5718 	EXP 	i5: texRes = 128.0
350.5718 	EXP 	i6: texRes = 128.0
350.5718 	EXP 	i1: texRes = 128.0
350.5718 	EXP 	i2: texRes = 128.0
350.5718 	EXP 	i3: texRes = 128.0
350.5718 	EXP 	idel: texRes = 128.0
350.5718 	EXP 	i0: texRes = 128.0
350.5718 	EXP 	ienter: texRes = 128.0
351.1354 	EXP 	i7: texRes = 256.0
351.1354 	EXP 	i8: texRes = 128.0
351.1354 	EXP 	i9: texRes = 128.0
351.1354 	EXP 	i4: texRes = 128.0
351.1354 	EXP 	i5: texRes = 128.0
351.1354 	EXP 	i6: texRes = 128.0
351.1354 	EXP 	i1: texRes = 128.0
351.1354 	EXP 	i2: texRes = 128.0
351.1354 	EXP 	i3: texRes = 128.0
351.1354 	EXP 	idel: texRes = 128.0
351.1354 	EXP 	i0: texRes = 128.0
351.1354 	EXP 	ienter: texRes = 128.0
351.2232 	EXP 	New trial (rep=10, index=0): None
351.2720 	EXP 	textbox: autoDraw = False
351.2720 	EXP 	i7: autoDraw = False
351.2720 	EXP 	i8: autoDraw = False
351.2720 	EXP 	i9: autoDraw = False
351.2720 	EXP 	i4: autoDraw = False
351.2720 	EXP 	i5: autoDraw = False
351.2720 	EXP 	i6: autoDraw = False
351.2720 	EXP 	i1: autoDraw = False
351.2720 	EXP 	i2: autoDraw = False
351.2720 	EXP 	i3: autoDraw = False
351.2720 	EXP 	idel: autoDraw = False
351.2720 	EXP 	i0: autoDraw = False
351.2720 	EXP 	ienter: autoDraw = False
352.5622 	EXP 	textbox: autoDraw = True
352.5622 	EXP 	i7: autoDraw = True
352.5622 	EXP 	i7: texRes = 256.0
352.5622 	EXP 	i8: autoDraw = True
352.5622 	EXP 	i8: texRes = 128.0
352.5622 	EXP 	i9: autoDraw = True
352.5622 	EXP 	i9: texRes = 128.0
352.5622 	EXP 	i4: autoDraw = True
352.5622 	EXP 	i4: texRes = 128.0
352.5622 	EXP 	i5: autoDraw = True
352.5622 	EXP 	i5: texRes = 128.0
352.5622 	EXP 	i6: autoDraw = True
352.5622 	EXP 	i6: texRes = 128.0
352.5622 	EXP 	i1: autoDraw = True
352.5622 	EXP 	i1: texRes = 128.0
352.5622 	EXP 	i2: autoDraw = True
352.5622 	EXP 	i2: texRes = 128.0
352.5622 	EXP 	i3: autoDraw = True
352.5622 	EXP 	i3: texRes = 128.0
352.5622 	EXP 	idel: autoDraw = True
352.5622 	EXP 	idel: texRes = 128.0
352.5622 	EXP 	i0: autoDraw = True
352.5622 	EXP 	i0: texRes = 128.0
352.5622 	EXP 	ienter: autoDraw = True
352.5622 	EXP 	ienter: texRes = 128.0
352.8226 	EXP 	i7: texRes = 256.0
352.8226 	EXP 	i8: texRes = 128.0
352.8226 	EXP 	i9: texRes = 128.0
352.8226 	EXP 	i4: texRes = 128.0
352.8226 	EXP 	i5: texRes = 128.0
352.8226 	EXP 	i6: texRes = 128.0
352.8226 	EXP 	i1: texRes = 128.0
352.8226 	EXP 	i2: texRes = 128.0
352.8226 	EXP 	i3: texRes = 128.0
352.8226 	EXP 	idel: texRes = 128.0
352.8226 	EXP 	i0: texRes = 128.0
352.8226 	EXP 	ienter: texRes = 128.0
353.1640 	EXP 	i7: texRes = 256.0
353.1640 	EXP 	i8: texRes = 128.0
353.1640 	EXP 	i9: texRes = 128.0
353.1640 	EXP 	i4: texRes = 128.0
353.1640 	EXP 	i5: texRes = 128.0
353.1640 	EXP 	i6: texRes = 128.0
353.1640 	EXP 	i1: texRes = 128.0
353.1640 	EXP 	i2: texRes = 128.0
353.1640 	EXP 	i3: texRes = 128.0
353.1640 	EXP 	idel: texRes = 128.0
353.1640 	EXP 	i0: texRes = 128.0
353.1640 	EXP 	ienter: texRes = 128.0
353.5448 	EXP 	i7: texRes = 256.0
353.5448 	EXP 	i8: texRes = 128.0
353.5448 	EXP 	i9: texRes = 128.0
353.5448 	EXP 	i4: texRes = 128.0
353.5448 	EXP 	i5: texRes = 128.0
353.5448 	EXP 	i6: texRes = 128.0
353.5448 	EXP 	i1: texRes = 128.0
353.5448 	EXP 	i2: texRes = 128.0
353.5448 	EXP 	i3: texRes = 128.0
353.5448 	EXP 	idel: texRes = 128.0
353.5448 	EXP 	i0: texRes = 128.0
353.5448 	EXP 	ienter: texRes = 128.0
353.8620 	EXP 	i7: texRes = 256.0
353.8620 	EXP 	i8: texRes = 128.0
353.8620 	EXP 	i9: texRes = 128.0
353.8620 	EXP 	i4: texRes = 128.0
353.8620 	EXP 	i5: texRes = 128.0
353.8620 	EXP 	i6: texRes = 128.0
353.8620 	EXP 	i1: texRes = 128.0
353.8620 	EXP 	i2: texRes = 128.0
353.8620 	EXP 	i3: texRes = 128.0
353.8620 	EXP 	idel: texRes = 128.0
353.8620 	EXP 	i0: texRes = 128.0
353.8620 	EXP 	ienter: texRes = 128.0
354.2401 	EXP 	i7: texRes = 256.0
354.2401 	EXP 	i8: texRes = 128.0
354.2401 	EXP 	i9: texRes = 128.0
354.2401 	EXP 	i4: texRes = 128.0
354.2401 	EXP 	i5: texRes = 128.0
354.2401 	EXP 	i6: texRes = 128.0
354.2401 	EXP 	i1: texRes = 128.0
354.2401 	EXP 	i2: texRes = 128.0
354.2401 	EXP 	i3: texRes = 128.0
354.2401 	EXP 	idel: texRes = 128.0
354.2401 	EXP 	i0: texRes = 128.0
354.2401 	EXP 	ienter: texRes = 128.0
354.5893 	EXP 	i7: texRes = 256.0
354.5893 	EXP 	i8: texRes = 128.0
354.5893 	EXP 	i9: texRes = 128.0
354.5893 	EXP 	i4: texRes = 128.0
354.5893 	EXP 	i5: texRes = 128.0
354.5893 	EXP 	i6: texRes = 128.0
354.5893 	EXP 	i1: texRes = 128.0
354.5893 	EXP 	i2: texRes = 128.0
354.5893 	EXP 	i3: texRes = 128.0
354.5893 	EXP 	idel: texRes = 128.0
354.5893 	EXP 	i0: texRes = 128.0
354.5893 	EXP 	ienter: texRes = 128.0
354.9070 	EXP 	i7: texRes = 256.0
354.9070 	EXP 	i8: texRes = 128.0
354.9070 	EXP 	i9: texRes = 128.0
354.9070 	EXP 	i4: texRes = 128.0
354.9070 	EXP 	i5: texRes = 128.0
354.9070 	EXP 	i6: texRes = 128.0
354.9070 	EXP 	i1: texRes = 128.0
354.9070 	EXP 	i2: texRes = 128.0
354.9070 	EXP 	i3: texRes = 128.0
354.9070 	EXP 	idel: texRes = 128.0
354.9070 	EXP 	i0: texRes = 128.0
354.9070 	EXP 	ienter: texRes = 128.0
355.4057 	EXP 	i7: texRes = 256.0
355.4057 	EXP 	i8: texRes = 128.0
355.4057 	EXP 	i9: texRes = 128.0
355.4057 	EXP 	i4: texRes = 128.0
355.4057 	EXP 	i5: texRes = 128.0
355.4057 	EXP 	i6: texRes = 128.0
355.4057 	EXP 	i1: texRes = 128.0
355.4057 	EXP 	i2: texRes = 128.0
355.4057 	EXP 	i3: texRes = 128.0
355.4057 	EXP 	idel: texRes = 128.0
355.4057 	EXP 	i0: texRes = 128.0
355.4057 	EXP 	ienter: texRes = 128.0
355.8925 	EXP 	i7: texRes = 256.0
355.8925 	EXP 	i8: texRes = 128.0
355.8925 	EXP 	i9: texRes = 128.0
355.8925 	EXP 	i4: texRes = 128.0
355.8925 	EXP 	i5: texRes = 128.0
355.8925 	EXP 	i6: texRes = 128.0
355.8925 	EXP 	i1: texRes = 128.0
355.8925 	EXP 	i2: texRes = 128.0
355.8925 	EXP 	i3: texRes = 128.0
355.8925 	EXP 	idel: texRes = 128.0
355.8925 	EXP 	i0: texRes = 128.0
355.8925 	EXP 	ienter: texRes = 128.0
356.2842 	EXP 	i7: texRes = 256.0
356.2842 	EXP 	i8: texRes = 128.0
356.2842 	EXP 	i9: texRes = 128.0
356.2842 	EXP 	i4: texRes = 128.0
356.2842 	EXP 	i5: texRes = 128.0
356.2842 	EXP 	i6: texRes = 128.0
356.2842 	EXP 	i1: texRes = 128.0
356.2842 	EXP 	i2: texRes = 128.0
356.2842 	EXP 	i3: texRes = 128.0
356.2842 	EXP 	idel: texRes = 128.0
356.2842 	EXP 	i0: texRes = 128.0
356.2842 	EXP 	ienter: texRes = 128.0
356.6207 	EXP 	i7: texRes = 256.0
356.6207 	EXP 	i8: texRes = 128.0
356.6207 	EXP 	i9: texRes = 128.0
356.6207 	EXP 	i4: texRes = 128.0
356.6207 	EXP 	i5: texRes = 128.0
356.6207 	EXP 	i6: texRes = 128.0
356.6207 	EXP 	i1: texRes = 128.0
356.6207 	EXP 	i2: texRes = 128.0
356.6207 	EXP 	i3: texRes = 128.0
356.6207 	EXP 	idel: texRes = 128.0
356.6207 	EXP 	i0: texRes = 128.0
356.6207 	EXP 	ienter: texRes = 128.0
356.9552 	EXP 	i7: texRes = 256.0
356.9552 	EXP 	i8: texRes = 128.0
356.9552 	EXP 	i9: texRes = 128.0
356.9552 	EXP 	i4: texRes = 128.0
356.9552 	EXP 	i5: texRes = 128.0
356.9552 	EXP 	i6: texRes = 128.0
356.9552 	EXP 	i1: texRes = 128.0
356.9552 	EXP 	i2: texRes = 128.0
356.9552 	EXP 	i3: texRes = 128.0
356.9552 	EXP 	idel: texRes = 128.0
356.9552 	EXP 	i0: texRes = 128.0
356.9552 	EXP 	ienter: texRes = 128.0
357.4197 	EXP 	i7: texRes = 256.0
357.4197 	EXP 	i8: texRes = 128.0
357.4197 	EXP 	i9: texRes = 128.0
357.4197 	EXP 	i4: texRes = 128.0
357.4197 	EXP 	i5: texRes = 128.0
357.4197 	EXP 	i6: texRes = 128.0
357.4197 	EXP 	i1: texRes = 128.0
357.4197 	EXP 	i2: texRes = 128.0
357.4197 	EXP 	i3: texRes = 128.0
357.4197 	EXP 	idel: texRes = 128.0
357.4197 	EXP 	i0: texRes = 128.0
357.4197 	EXP 	ienter: texRes = 128.0
357.4817 	EXP 	New trial (rep=11, index=0): None
357.5457 	EXP 	textbox: autoDraw = False
357.5457 	EXP 	i7: autoDraw = False
357.5457 	EXP 	i8: autoDraw = False
357.5457 	EXP 	i9: autoDraw = False
357.5457 	EXP 	i4: autoDraw = False
357.5457 	EXP 	i5: autoDraw = False
357.5457 	EXP 	i6: autoDraw = False
357.5457 	EXP 	i1: autoDraw = False
357.5457 	EXP 	i2: autoDraw = False
357.5457 	EXP 	i3: autoDraw = False
357.5457 	EXP 	idel: autoDraw = False
357.5457 	EXP 	i0: autoDraw = False
357.5457 	EXP 	ienter: autoDraw = False
358.7994 	EXP 	textbox: autoDraw = True
358.7994 	EXP 	i7: autoDraw = True
358.7994 	EXP 	i7: texRes = 256.0
358.7994 	EXP 	i8: autoDraw = True
358.7994 	EXP 	i8: texRes = 128.0
358.7994 	EXP 	i9: autoDraw = True
358.7994 	EXP 	i9: texRes = 128.0
358.7994 	EXP 	i4: autoDraw = True
358.7994 	EXP 	i4: texRes = 128.0
358.7994 	EXP 	i5: autoDraw = True
358.7994 	EXP 	i5: texRes = 128.0
358.7994 	EXP 	i6: autoDraw = True
358.7994 	EXP 	i6: texRes = 128.0
358.7994 	EXP 	i1: autoDraw = True
358.7994 	EXP 	i1: texRes = 128.0
358.7994 	EXP 	i2: autoDraw = True
358.7994 	EXP 	i2: texRes = 128.0
358.7994 	EXP 	i3: autoDraw = True
358.7994 	EXP 	i3: texRes = 128.0
358.7994 	EXP 	idel: autoDraw = True
358.7994 	EXP 	idel: texRes = 128.0
358.7994 	EXP 	i0: autoDraw = True
358.7994 	EXP 	i0: texRes = 128.0
358.7994 	EXP 	ienter: autoDraw = True
358.7994 	EXP 	ienter: texRes = 128.0
359.0694 	EXP 	i7: texRes = 256.0
359.0694 	EXP 	i8: texRes = 128.0
359.0694 	EXP 	i9: texRes = 128.0
359.0694 	EXP 	i4: texRes = 128.0
359.0694 	EXP 	i5: texRes = 128.0
359.0694 	EXP 	i6: texRes = 128.0
359.0694 	EXP 	i1: texRes = 128.0
359.0694 	EXP 	i2: texRes = 128.0
359.0694 	EXP 	i3: texRes = 128.0
359.0694 	EXP 	idel: texRes = 128.0
359.0694 	EXP 	i0: texRes = 128.0
359.0694 	EXP 	ienter: texRes = 128.0
359.8072 	EXP 	i7: texRes = 256.0
359.8072 	EXP 	i8: texRes = 128.0
359.8072 	EXP 	i9: texRes = 128.0
359.8072 	EXP 	i4: texRes = 128.0
359.8072 	EXP 	i5: texRes = 128.0
359.8072 	EXP 	i6: texRes = 128.0
359.8072 	EXP 	i1: texRes = 128.0
359.8072 	EXP 	i2: texRes = 128.0
359.8072 	EXP 	i3: texRes = 128.0
359.8072 	EXP 	idel: texRes = 128.0
359.8072 	EXP 	i0: texRes = 128.0
359.8072 	EXP 	ienter: texRes = 128.0
360.3182 	EXP 	i7: texRes = 256.0
360.3182 	EXP 	i8: texRes = 128.0
360.3182 	EXP 	i9: texRes = 128.0
360.3182 	EXP 	i4: texRes = 128.0
360.3182 	EXP 	i5: texRes = 128.0
360.3182 	EXP 	i6: texRes = 128.0
360.3182 	EXP 	i1: texRes = 128.0
360.3182 	EXP 	i2: texRes = 128.0
360.3182 	EXP 	i3: texRes = 128.0
360.3182 	EXP 	idel: texRes = 128.0
360.3182 	EXP 	i0: texRes = 128.0
360.3182 	EXP 	ienter: texRes = 128.0
361.1043 	EXP 	i7: texRes = 256.0
361.1043 	EXP 	i8: texRes = 128.0
361.1043 	EXP 	i9: texRes = 128.0
361.1043 	EXP 	i4: texRes = 128.0
361.1043 	EXP 	i5: texRes = 128.0
361.1043 	EXP 	i6: texRes = 128.0
361.1043 	EXP 	i1: texRes = 128.0
361.1043 	EXP 	i2: texRes = 128.0
361.1043 	EXP 	i3: texRes = 128.0
361.1043 	EXP 	idel: texRes = 128.0
361.1043 	EXP 	i0: texRes = 128.0
361.1043 	EXP 	ienter: texRes = 128.0
361.7831 	EXP 	i7: texRes = 256.0
361.7831 	EXP 	i8: texRes = 128.0
361.7831 	EXP 	i9: texRes = 128.0
361.7831 	EXP 	i4: texRes = 128.0
361.7831 	EXP 	i5: texRes = 128.0
361.7831 	EXP 	i6: texRes = 128.0
361.7831 	EXP 	i1: texRes = 128.0
361.7831 	EXP 	i2: texRes = 128.0
361.7831 	EXP 	i3: texRes = 128.0
361.7831 	EXP 	idel: texRes = 128.0
361.7831 	EXP 	i0: texRes = 128.0
361.7831 	EXP 	ienter: texRes = 128.0
362.4533 	EXP 	i7: texRes = 256.0
362.4533 	EXP 	i8: texRes = 128.0
362.4533 	EXP 	i9: texRes = 128.0
362.4533 	EXP 	i4: texRes = 128.0
362.4533 	EXP 	i5: texRes = 128.0
362.4533 	EXP 	i6: texRes = 128.0
362.4533 	EXP 	i1: texRes = 128.0
362.4533 	EXP 	i2: texRes = 128.0
362.4533 	EXP 	i3: texRes = 128.0
362.4533 	EXP 	idel: texRes = 128.0
362.4533 	EXP 	i0: texRes = 128.0
362.4533 	EXP 	ienter: texRes = 128.0
362.9861 	EXP 	i7: texRes = 256.0
362.9861 	EXP 	i8: texRes = 128.0
362.9861 	EXP 	i9: texRes = 128.0
362.9861 	EXP 	i4: texRes = 128.0
362.9861 	EXP 	i5: texRes = 128.0
362.9861 	EXP 	i6: texRes = 128.0
362.9861 	EXP 	i1: texRes = 128.0
362.9861 	EXP 	i2: texRes = 128.0
362.9861 	EXP 	i3: texRes = 128.0
362.9861 	EXP 	idel: texRes = 128.0
362.9861 	EXP 	i0: texRes = 128.0
362.9861 	EXP 	ienter: texRes = 128.0
363.9081 	EXP 	i7: texRes = 256.0
363.9081 	EXP 	i8: texRes = 128.0
363.9081 	EXP 	i9: texRes = 128.0
363.9081 	EXP 	i4: texRes = 128.0
363.9081 	EXP 	i5: texRes = 128.0
363.9081 	EXP 	i6: texRes = 128.0
363.9081 	EXP 	i1: texRes = 128.0
363.9081 	EXP 	i2: texRes = 128.0
363.9081 	EXP 	i3: texRes = 128.0
363.9081 	EXP 	idel: texRes = 128.0
363.9081 	EXP 	i0: texRes = 128.0
363.9081 	EXP 	ienter: texRes = 128.0
363.9506 	EXP 	New trial (rep=12, index=0): None
363.9906 	EXP 	textbox: autoDraw = False
363.9906 	EXP 	i7: autoDraw = False
363.9906 	EXP 	i8: autoDraw = False
363.9906 	EXP 	i9: autoDraw = False
363.9906 	EXP 	i4: autoDraw = False
363.9906 	EXP 	i5: autoDraw = False
363.9906 	EXP 	i6: autoDraw = False
363.9906 	EXP 	i1: autoDraw = False
363.9906 	EXP 	i2: autoDraw = False
363.9906 	EXP 	i3: autoDraw = False
363.9906 	EXP 	idel: autoDraw = False
363.9906 	EXP 	i0: autoDraw = False
363.9906 	EXP 	ienter: autoDraw = False
365.4788 	EXP 	textbox: autoDraw = True
365.4788 	EXP 	i7: autoDraw = True
365.4788 	EXP 	i7: texRes = 256.0
365.4788 	EXP 	i8: autoDraw = True
365.4788 	EXP 	i8: texRes = 128.0
365.4788 	EXP 	i9: autoDraw = True
365.4788 	EXP 	i9: texRes = 128.0
365.4788 	EXP 	i4: autoDraw = True
365.4788 	EXP 	i4: texRes = 128.0
365.4788 	EXP 	i5: autoDraw = True
365.4788 	EXP 	i5: texRes = 128.0
365.4788 	EXP 	i6: autoDraw = True
365.4788 	EXP 	i6: texRes = 128.0
365.4788 	EXP 	i1: autoDraw = True
365.4788 	EXP 	i1: texRes = 128.0
365.4788 	EXP 	i2: autoDraw = True
365.4788 	EXP 	i2: texRes = 128.0
365.4788 	EXP 	i3: autoDraw = True
365.4788 	EXP 	i3: texRes = 128.0
365.4788 	EXP 	idel: autoDraw = True
365.4788 	EXP 	idel: texRes = 128.0
365.4788 	EXP 	i0: autoDraw = True
365.4788 	EXP 	i0: texRes = 128.0
365.4788 	EXP 	ienter: autoDraw = True
365.4788 	EXP 	ienter: texRes = 128.0
365.9197 	EXP 	i7: texRes = 256.0
365.9197 	EXP 	i8: texRes = 128.0
365.9197 	EXP 	i9: texRes = 128.0
365.9197 	EXP 	i4: texRes = 128.0
365.9197 	EXP 	i5: texRes = 128.0
365.9197 	EXP 	i6: texRes = 128.0
365.9197 	EXP 	i1: texRes = 128.0
365.9197 	EXP 	i2: texRes = 128.0
365.9197 	EXP 	i3: texRes = 128.0
365.9197 	EXP 	idel: texRes = 128.0
365.9197 	EXP 	i0: texRes = 128.0
365.9197 	EXP 	ienter: texRes = 128.0
366.4031 	EXP 	i7: texRes = 256.0
366.4031 	EXP 	i8: texRes = 128.0
366.4031 	EXP 	i9: texRes = 128.0
366.4031 	EXP 	i4: texRes = 128.0
366.4031 	EXP 	i5: texRes = 128.0
366.4031 	EXP 	i6: texRes = 128.0
366.4031 	EXP 	i1: texRes = 128.0
366.4031 	EXP 	i2: texRes = 128.0
366.4031 	EXP 	i3: texRes = 128.0
366.4031 	EXP 	idel: texRes = 128.0
366.4031 	EXP 	i0: texRes = 128.0
366.4031 	EXP 	ienter: texRes = 128.0
366.8647 	EXP 	i7: texRes = 256.0
366.8647 	EXP 	i8: texRes = 128.0
366.8647 	EXP 	i9: texRes = 128.0
366.8647 	EXP 	i4: texRes = 128.0
366.8647 	EXP 	i5: texRes = 128.0
366.8647 	EXP 	i6: texRes = 128.0
366.8647 	EXP 	i1: texRes = 128.0
366.8647 	EXP 	i2: texRes = 128.0
366.8647 	EXP 	i3: texRes = 128.0
366.8647 	EXP 	idel: texRes = 128.0
366.8647 	EXP 	i0: texRes = 128.0
366.8647 	EXP 	ienter: texRes = 128.0
367.2188 	EXP 	i7: texRes = 256.0
367.2188 	EXP 	i8: texRes = 128.0
367.2188 	EXP 	i9: texRes = 128.0
367.2188 	EXP 	i4: texRes = 128.0
367.2188 	EXP 	i5: texRes = 128.0
367.2188 	EXP 	i6: texRes = 128.0
367.2188 	EXP 	i1: texRes = 128.0
367.2188 	EXP 	i2: texRes = 128.0
367.2188 	EXP 	i3: texRes = 128.0
367.2188 	EXP 	idel: texRes = 128.0
367.2188 	EXP 	i0: texRes = 128.0
367.2188 	EXP 	ienter: texRes = 128.0
367.6019 	EXP 	i7: texRes = 256.0
367.6019 	EXP 	i8: texRes = 128.0
367.6019 	EXP 	i9: texRes = 128.0
367.6019 	EXP 	i4: texRes = 128.0
367.6019 	EXP 	i5: texRes = 128.0
367.6019 	EXP 	i6: texRes = 128.0
367.6019 	EXP 	i1: texRes = 128.0
367.6019 	EXP 	i2: texRes = 128.0
367.6019 	EXP 	i3: texRes = 128.0
367.6019 	EXP 	idel: texRes = 128.0
367.6019 	EXP 	i0: texRes = 128.0
367.6019 	EXP 	ienter: texRes = 128.0
367.9392 	EXP 	i7: texRes = 256.0
367.9392 	EXP 	i8: texRes = 128.0
367.9392 	EXP 	i9: texRes = 128.0
367.9392 	EXP 	i4: texRes = 128.0
367.9392 	EXP 	i5: texRes = 128.0
367.9392 	EXP 	i6: texRes = 128.0
367.9392 	EXP 	i1: texRes = 128.0
367.9392 	EXP 	i2: texRes = 128.0
367.9392 	EXP 	i3: texRes = 128.0
367.9392 	EXP 	idel: texRes = 128.0
367.9392 	EXP 	i0: texRes = 128.0
367.9392 	EXP 	ienter: texRes = 128.0
368.2057 	EXP 	i7: texRes = 256.0
368.2057 	EXP 	i8: texRes = 128.0
368.2057 	EXP 	i9: texRes = 128.0
368.2057 	EXP 	i4: texRes = 128.0
368.2057 	EXP 	i5: texRes = 128.0
368.2057 	EXP 	i6: texRes = 128.0
368.2057 	EXP 	i1: texRes = 128.0
368.2057 	EXP 	i2: texRes = 128.0
368.2057 	EXP 	i3: texRes = 128.0
368.2057 	EXP 	idel: texRes = 128.0
368.2057 	EXP 	i0: texRes = 128.0
368.2057 	EXP 	ienter: texRes = 128.0
368.4689 	EXP 	i7: texRes = 256.0
368.4689 	EXP 	i8: texRes = 128.0
368.4689 	EXP 	i9: texRes = 128.0
368.4689 	EXP 	i4: texRes = 128.0
368.4689 	EXP 	i5: texRes = 128.0
368.4689 	EXP 	i6: texRes = 128.0
368.4689 	EXP 	i1: texRes = 128.0
368.4689 	EXP 	i2: texRes = 128.0
368.4689 	EXP 	i3: texRes = 128.0
368.4689 	EXP 	idel: texRes = 128.0
368.4689 	EXP 	i0: texRes = 128.0
368.4689 	EXP 	ienter: texRes = 128.0
368.7986 	EXP 	i7: texRes = 256.0
368.7986 	EXP 	i8: texRes = 128.0
368.7986 	EXP 	i9: texRes = 128.0
368.7986 	EXP 	i4: texRes = 128.0
368.7986 	EXP 	i5: texRes = 128.0
368.7986 	EXP 	i6: texRes = 128.0
368.7986 	EXP 	i1: texRes = 128.0
368.7986 	EXP 	i2: texRes = 128.0
368.7986 	EXP 	i3: texRes = 128.0
368.7986 	EXP 	idel: texRes = 128.0
368.7986 	EXP 	i0: texRes = 128.0
368.7986 	EXP 	ienter: texRes = 128.0
369.1672 	EXP 	i7: texRes = 256.0
369.1672 	EXP 	i8: texRes = 128.0
369.1672 	EXP 	i9: texRes = 128.0
369.1672 	EXP 	i4: texRes = 128.0
369.1672 	EXP 	i5: texRes = 128.0
369.1672 	EXP 	i6: texRes = 128.0
369.1672 	EXP 	i1: texRes = 128.0
369.1672 	EXP 	i2: texRes = 128.0
369.1672 	EXP 	i3: texRes = 128.0
369.1672 	EXP 	idel: texRes = 128.0
369.1672 	EXP 	i0: texRes = 128.0
369.1672 	EXP 	ienter: texRes = 128.0
369.2159 	EXP 	New trial (rep=13, index=0): None
369.2643 	EXP 	textbox: autoDraw = False
369.2643 	EXP 	i7: autoDraw = False
369.2643 	EXP 	i8: autoDraw = False
369.2643 	EXP 	i9: autoDraw = False
369.2643 	EXP 	i4: autoDraw = False
369.2643 	EXP 	i5: autoDraw = False
369.2643 	EXP 	i6: autoDraw = False
369.2643 	EXP 	i1: autoDraw = False
369.2643 	EXP 	i2: autoDraw = False
369.2643 	EXP 	i3: autoDraw = False
369.2643 	EXP 	idel: autoDraw = False
369.2643 	EXP 	i0: autoDraw = False
369.2643 	EXP 	ienter: autoDraw = False
370.5414 	EXP 	textbox: autoDraw = True
370.5414 	EXP 	i7: autoDraw = True
370.5414 	EXP 	i7: texRes = 256.0
370.5414 	EXP 	i8: autoDraw = True
370.5414 	EXP 	i8: texRes = 128.0
370.5414 	EXP 	i9: autoDraw = True
370.5414 	EXP 	i9: texRes = 128.0
370.5414 	EXP 	i4: autoDraw = True
370.5414 	EXP 	i4: texRes = 128.0
370.5414 	EXP 	i5: autoDraw = True
370.5414 	EXP 	i5: texRes = 128.0
370.5414 	EXP 	i6: autoDraw = True
370.5414 	EXP 	i6: texRes = 128.0
370.5414 	EXP 	i1: autoDraw = True
370.5414 	EXP 	i1: texRes = 128.0
370.5414 	EXP 	i2: autoDraw = True
370.5414 	EXP 	i2: texRes = 128.0
370.5414 	EXP 	i3: autoDraw = True
370.5414 	EXP 	i3: texRes = 128.0
370.5414 	EXP 	idel: autoDraw = True
370.5414 	EXP 	idel: texRes = 128.0
370.5414 	EXP 	i0: autoDraw = True
370.5414 	EXP 	i0: texRes = 128.0
370.5414 	EXP 	ienter: autoDraw = True
370.5414 	EXP 	ienter: texRes = 128.0
370.9756 	EXP 	i7: texRes = 256.0
370.9756 	EXP 	i8: texRes = 128.0
370.9756 	EXP 	i9: texRes = 128.0
370.9756 	EXP 	i4: texRes = 128.0
370.9756 	EXP 	i5: texRes = 128.0
370.9756 	EXP 	i6: texRes = 128.0
370.9756 	EXP 	i1: texRes = 128.0
370.9756 	EXP 	i2: texRes = 128.0
370.9756 	EXP 	i3: texRes = 128.0
370.9756 	EXP 	idel: texRes = 128.0
370.9756 	EXP 	i0: texRes = 128.0
370.9756 	EXP 	ienter: texRes = 128.0
371.2668 	EXP 	i7: texRes = 256.0
371.2668 	EXP 	i8: texRes = 128.0
371.2668 	EXP 	i9: texRes = 128.0
371.2668 	EXP 	i4: texRes = 128.0
371.2668 	EXP 	i5: texRes = 128.0
371.2668 	EXP 	i6: texRes = 128.0
371.2668 	EXP 	i1: texRes = 128.0
371.2668 	EXP 	i2: texRes = 128.0
371.2668 	EXP 	i3: texRes = 128.0
371.2668 	EXP 	idel: texRes = 128.0
371.2668 	EXP 	i0: texRes = 128.0
371.2668 	EXP 	ienter: texRes = 128.0
371.6622 	EXP 	i7: texRes = 256.0
371.6622 	EXP 	i8: texRes = 128.0
371.6622 	EXP 	i9: texRes = 128.0
371.6622 	EXP 	i4: texRes = 128.0
371.6622 	EXP 	i5: texRes = 128.0
371.6622 	EXP 	i6: texRes = 128.0
371.6622 	EXP 	i1: texRes = 128.0
371.6622 	EXP 	i2: texRes = 128.0
371.6622 	EXP 	i3: texRes = 128.0
371.6622 	EXP 	idel: texRes = 128.0
371.6622 	EXP 	i0: texRes = 128.0
371.6622 	EXP 	ienter: texRes = 128.0
372.0149 	EXP 	i7: texRes = 256.0
372.0149 	EXP 	i8: texRes = 128.0
372.0149 	EXP 	i9: texRes = 128.0
372.0149 	EXP 	i4: texRes = 128.0
372.0149 	EXP 	i5: texRes = 128.0
372.0149 	EXP 	i6: texRes = 128.0
372.0149 	EXP 	i1: texRes = 128.0
372.0149 	EXP 	i2: texRes = 128.0
372.0149 	EXP 	i3: texRes = 128.0
372.0149 	EXP 	idel: texRes = 128.0
372.0149 	EXP 	i0: texRes = 128.0
372.0149 	EXP 	ienter: texRes = 128.0
372.3165 	EXP 	i7: texRes = 256.0
372.3165 	EXP 	i8: texRes = 128.0
372.3165 	EXP 	i9: texRes = 128.0
372.3165 	EXP 	i4: texRes = 128.0
372.3165 	EXP 	i5: texRes = 128.0
372.3165 	EXP 	i6: texRes = 128.0
372.3165 	EXP 	i1: texRes = 128.0
372.3165 	EXP 	i2: texRes = 128.0
372.3165 	EXP 	i3: texRes = 128.0
372.3165 	EXP 	idel: texRes = 128.0
372.3165 	EXP 	i0: texRes = 128.0
372.3165 	EXP 	ienter: texRes = 128.0
372.6106 	EXP 	i7: texRes = 256.0
372.6106 	EXP 	i8: texRes = 128.0
372.6106 	EXP 	i9: texRes = 128.0
372.6106 	EXP 	i4: texRes = 128.0
372.6106 	EXP 	i5: texRes = 128.0
372.6106 	EXP 	i6: texRes = 128.0
372.6106 	EXP 	i1: texRes = 128.0
372.6106 	EXP 	i2: texRes = 128.0
372.6106 	EXP 	i3: texRes = 128.0
372.6106 	EXP 	idel: texRes = 128.0
372.6106 	EXP 	i0: texRes = 128.0
372.6106 	EXP 	ienter: texRes = 128.0
372.9577 	EXP 	i7: texRes = 256.0
372.9577 	EXP 	i8: texRes = 128.0
372.9577 	EXP 	i9: texRes = 128.0
372.9577 	EXP 	i4: texRes = 128.0
372.9577 	EXP 	i5: texRes = 128.0
372.9577 	EXP 	i6: texRes = 128.0
372.9577 	EXP 	i1: texRes = 128.0
372.9577 	EXP 	i2: texRes = 128.0
372.9577 	EXP 	i3: texRes = 128.0
372.9577 	EXP 	idel: texRes = 128.0
372.9577 	EXP 	i0: texRes = 128.0
372.9577 	EXP 	ienter: texRes = 128.0
373.2741 	EXP 	i7: texRes = 256.0
373.2741 	EXP 	i8: texRes = 128.0
373.2741 	EXP 	i9: texRes = 128.0
373.2741 	EXP 	i4: texRes = 128.0
373.2741 	EXP 	i5: texRes = 128.0
373.2741 	EXP 	i6: texRes = 128.0
373.2741 	EXP 	i1: texRes = 128.0
373.2741 	EXP 	i2: texRes = 128.0
373.2741 	EXP 	i3: texRes = 128.0
373.2741 	EXP 	idel: texRes = 128.0
373.2741 	EXP 	i0: texRes = 128.0
373.2741 	EXP 	ienter: texRes = 128.0
373.6797 	EXP 	i7: texRes = 256.0
373.6797 	EXP 	i8: texRes = 128.0
373.6797 	EXP 	i9: texRes = 128.0
373.6797 	EXP 	i4: texRes = 128.0
373.6797 	EXP 	i5: texRes = 128.0
373.6797 	EXP 	i6: texRes = 128.0
373.6797 	EXP 	i1: texRes = 128.0
373.6797 	EXP 	i2: texRes = 128.0
373.6797 	EXP 	i3: texRes = 128.0
373.6797 	EXP 	idel: texRes = 128.0
373.6797 	EXP 	i0: texRes = 128.0
373.6797 	EXP 	ienter: texRes = 128.0
374.0144 	EXP 	i7: texRes = 256.0
374.0144 	EXP 	i8: texRes = 128.0
374.0144 	EXP 	i9: texRes = 128.0
374.0144 	EXP 	i4: texRes = 128.0
374.0144 	EXP 	i5: texRes = 128.0
374.0144 	EXP 	i6: texRes = 128.0
374.0144 	EXP 	i1: texRes = 128.0
374.0144 	EXP 	i2: texRes = 128.0
374.0144 	EXP 	i3: texRes = 128.0
374.0144 	EXP 	idel: texRes = 128.0
374.0144 	EXP 	i0: texRes = 128.0
374.0144 	EXP 	ienter: texRes = 128.0
374.3033 	EXP 	i7: texRes = 256.0
374.3033 	EXP 	i8: texRes = 128.0
374.3033 	EXP 	i9: texRes = 128.0
374.3033 	EXP 	i4: texRes = 128.0
374.3033 	EXP 	i5: texRes = 128.0
374.3033 	EXP 	i6: texRes = 128.0
374.3033 	EXP 	i1: texRes = 128.0
374.3033 	EXP 	i2: texRes = 128.0
374.3033 	EXP 	i3: texRes = 128.0
374.3033 	EXP 	idel: texRes = 128.0
374.3033 	EXP 	i0: texRes = 128.0
374.3033 	EXP 	ienter: texRes = 128.0
374.6715 	EXP 	i7: texRes = 256.0
374.6715 	EXP 	i8: texRes = 128.0
374.6715 	EXP 	i9: texRes = 128.0
374.6715 	EXP 	i4: texRes = 128.0
374.6715 	EXP 	i5: texRes = 128.0
374.6715 	EXP 	i6: texRes = 128.0
374.6715 	EXP 	i1: texRes = 128.0
374.6715 	EXP 	i2: texRes = 128.0
374.6715 	EXP 	i3: texRes = 128.0
374.6715 	EXP 	idel: texRes = 128.0
374.6715 	EXP 	i0: texRes = 128.0
374.6715 	EXP 	ienter: texRes = 128.0
374.9482 	EXP 	i7: texRes = 256.0
374.9482 	EXP 	i8: texRes = 128.0
374.9482 	EXP 	i9: texRes = 128.0
374.9482 	EXP 	i4: texRes = 128.0
374.9482 	EXP 	i5: texRes = 128.0
374.9482 	EXP 	i6: texRes = 128.0
374.9482 	EXP 	i1: texRes = 128.0
374.9482 	EXP 	i2: texRes = 128.0
374.9482 	EXP 	i3: texRes = 128.0
374.9482 	EXP 	idel: texRes = 128.0
374.9482 	EXP 	i0: texRes = 128.0
374.9482 	EXP 	ienter: texRes = 128.0
375.2936 	EXP 	i7: texRes = 256.0
375.2936 	EXP 	i8: texRes = 128.0
375.2936 	EXP 	i9: texRes = 128.0
375.2936 	EXP 	i4: texRes = 128.0
375.2936 	EXP 	i5: texRes = 128.0
375.2936 	EXP 	i6: texRes = 128.0
375.2936 	EXP 	i1: texRes = 128.0
375.2936 	EXP 	i2: texRes = 128.0
375.2936 	EXP 	i3: texRes = 128.0
375.2936 	EXP 	idel: texRes = 128.0
375.2936 	EXP 	i0: texRes = 128.0
375.2936 	EXP 	ienter: texRes = 128.0
375.3398 	EXP 	New trial (rep=14, index=0): None
375.4456 	EXP 	textbox: autoDraw = False
375.4456 	EXP 	i7: autoDraw = False
375.4456 	EXP 	i8: autoDraw = False
375.4456 	EXP 	i9: autoDraw = False
375.4456 	EXP 	i4: autoDraw = False
375.4456 	EXP 	i5: autoDraw = False
375.4456 	EXP 	i6: autoDraw = False
375.4456 	EXP 	i1: autoDraw = False
375.4456 	EXP 	i2: autoDraw = False
375.4456 	EXP 	i3: autoDraw = False
375.4456 	EXP 	idel: autoDraw = False
375.4456 	EXP 	i0: autoDraw = False
375.4456 	EXP 	ienter: autoDraw = False
376.7019 	EXP 	textbox: autoDraw = True
376.7019 	EXP 	i7: autoDraw = True
376.7019 	EXP 	i7: texRes = 256.0
376.7019 	EXP 	i8: autoDraw = True
376.7019 	EXP 	i8: texRes = 128.0
376.7019 	EXP 	i9: autoDraw = True
376.7019 	EXP 	i9: texRes = 128.0
376.7019 	EXP 	i4: autoDraw = True
376.7019 	EXP 	i4: texRes = 128.0
376.7019 	EXP 	i5: autoDraw = True
376.7019 	EXP 	i5: texRes = 128.0
376.7019 	EXP 	i6: autoDraw = True
376.7019 	EXP 	i6: texRes = 128.0
376.7019 	EXP 	i1: autoDraw = True
376.7019 	EXP 	i1: texRes = 128.0
376.7019 	EXP 	i2: autoDraw = True
376.7019 	EXP 	i2: texRes = 128.0
376.7019 	EXP 	i3: autoDraw = True
376.7019 	EXP 	i3: texRes = 128.0
376.7019 	EXP 	idel: autoDraw = True
376.7019 	EXP 	idel: texRes = 128.0
376.7019 	EXP 	i0: autoDraw = True
376.7019 	EXP 	i0: texRes = 128.0
376.7019 	EXP 	ienter: autoDraw = True
376.7019 	EXP 	ienter: texRes = 128.0
377.1401 	EXP 	i7: texRes = 256.0
377.1401 	EXP 	i8: texRes = 128.0
377.1401 	EXP 	i9: texRes = 128.0
377.1401 	EXP 	i4: texRes = 128.0
377.1401 	EXP 	i5: texRes = 128.0
377.1401 	EXP 	i6: texRes = 128.0
377.1401 	EXP 	i1: texRes = 128.0
377.1401 	EXP 	i2: texRes = 128.0
377.1401 	EXP 	i3: texRes = 128.0
377.1401 	EXP 	idel: texRes = 128.0
377.1401 	EXP 	i0: texRes = 128.0
377.1401 	EXP 	ienter: texRes = 128.0
377.4785 	EXP 	i7: texRes = 256.0
377.4785 	EXP 	i8: texRes = 128.0
377.4785 	EXP 	i9: texRes = 128.0
377.4785 	EXP 	i4: texRes = 128.0
377.4785 	EXP 	i5: texRes = 128.0
377.4785 	EXP 	i6: texRes = 128.0
377.4785 	EXP 	i1: texRes = 128.0
377.4785 	EXP 	i2: texRes = 128.0
377.4785 	EXP 	i3: texRes = 128.0
377.4785 	EXP 	idel: texRes = 128.0
377.4785 	EXP 	i0: texRes = 128.0
377.4785 	EXP 	ienter: texRes = 128.0
377.9926 	EXP 	i7: texRes = 256.0
377.9926 	EXP 	i8: texRes = 128.0
377.9926 	EXP 	i9: texRes = 128.0
377.9926 	EXP 	i4: texRes = 128.0
377.9926 	EXP 	i5: texRes = 128.0
377.9926 	EXP 	i6: texRes = 128.0
377.9926 	EXP 	i1: texRes = 128.0
377.9926 	EXP 	i2: texRes = 128.0
377.9926 	EXP 	i3: texRes = 128.0
377.9926 	EXP 	idel: texRes = 128.0
377.9926 	EXP 	i0: texRes = 128.0
377.9926 	EXP 	ienter: texRes = 128.0
378.4815 	EXP 	i7: texRes = 256.0
378.4815 	EXP 	i8: texRes = 128.0
378.4815 	EXP 	i9: texRes = 128.0
378.4815 	EXP 	i4: texRes = 128.0
378.4815 	EXP 	i5: texRes = 128.0
378.4815 	EXP 	i6: texRes = 128.0
378.4815 	EXP 	i1: texRes = 128.0
378.4815 	EXP 	i2: texRes = 128.0
378.4815 	EXP 	i3: texRes = 128.0
378.4815 	EXP 	idel: texRes = 128.0
378.4815 	EXP 	i0: texRes = 128.0
378.4815 	EXP 	ienter: texRes = 128.0
379.0337 	EXP 	i7: texRes = 256.0
379.0337 	EXP 	i8: texRes = 128.0
379.0337 	EXP 	i9: texRes = 128.0
379.0337 	EXP 	i4: texRes = 128.0
379.0337 	EXP 	i5: texRes = 128.0
379.0337 	EXP 	i6: texRes = 128.0
379.0337 	EXP 	i1: texRes = 128.0
379.0337 	EXP 	i2: texRes = 128.0
379.0337 	EXP 	i3: texRes = 128.0
379.0337 	EXP 	idel: texRes = 128.0
379.0337 	EXP 	i0: texRes = 128.0
379.0337 	EXP 	ienter: texRes = 128.0
380.5735 	EXP 	i7: texRes = 256.0
380.5735 	EXP 	i8: texRes = 128.0
380.5735 	EXP 	i9: texRes = 128.0
380.5735 	EXP 	i4: texRes = 128.0
380.5735 	EXP 	i5: texRes = 128.0
380.5735 	EXP 	i6: texRes = 128.0
380.5735 	EXP 	i1: texRes = 128.0
380.5735 	EXP 	i2: texRes = 128.0
380.5735 	EXP 	i3: texRes = 128.0
380.5735 	EXP 	idel: texRes = 128.0
380.5735 	EXP 	i0: texRes = 128.0
380.5735 	EXP 	ienter: texRes = 128.0
381.5120 	EXP 	i7: texRes = 256.0
381.5120 	EXP 	i8: texRes = 128.0
381.5120 	EXP 	i9: texRes = 128.0
381.5120 	EXP 	i4: texRes = 128.0
381.5120 	EXP 	i5: texRes = 128.0
381.5120 	EXP 	i6: texRes = 128.0
381.5120 	EXP 	i1: texRes = 128.0
381.5120 	EXP 	i2: texRes = 128.0
381.5120 	EXP 	i3: texRes = 128.0
381.5120 	EXP 	idel: texRes = 128.0
381.5120 	EXP 	i0: texRes = 128.0
381.5120 	EXP 	ienter: texRes = 128.0
381.7129 	EXP 	New trial (rep=15, index=0): None
381.8224 	EXP 	textbox: autoDraw = False
381.8224 	EXP 	i7: autoDraw = False
381.8224 	EXP 	i8: autoDraw = False
381.8224 	EXP 	i9: autoDraw = False
381.8224 	EXP 	i4: autoDraw = False
381.8224 	EXP 	i5: autoDraw = False
381.8224 	EXP 	i6: autoDraw = False
381.8224 	EXP 	i1: autoDraw = False
381.8224 	EXP 	i2: autoDraw = False
381.8224 	EXP 	i3: autoDraw = False
381.8224 	EXP 	idel: autoDraw = False
381.8224 	EXP 	i0: autoDraw = False
381.8224 	EXP 	ienter: autoDraw = False
383.6617 	EXP 	textbox: autoDraw = True
383.6617 	EXP 	i7: autoDraw = True
383.6617 	EXP 	i7: texRes = 256.0
383.6617 	EXP 	i8: autoDraw = True
383.6617 	EXP 	i8: texRes = 128.0
383.6617 	EXP 	i9: autoDraw = True
383.6617 	EXP 	i9: texRes = 128.0
383.6617 	EXP 	i4: autoDraw = True
383.6617 	EXP 	i4: texRes = 128.0
383.6617 	EXP 	i5: autoDraw = True
383.6617 	EXP 	i5: texRes = 128.0
383.6617 	EXP 	i6: autoDraw = True
383.6617 	EXP 	i6: texRes = 128.0
383.6617 	EXP 	i1: autoDraw = True
383.6617 	EXP 	i1: texRes = 128.0
383.6617 	EXP 	i2: autoDraw = True
383.6617 	EXP 	i2: texRes = 128.0
383.6617 	EXP 	i3: autoDraw = True
383.6617 	EXP 	i3: texRes = 128.0
383.6617 	EXP 	idel: autoDraw = True
383.6617 	EXP 	idel: texRes = 128.0
383.6617 	EXP 	i0: autoDraw = True
383.6617 	EXP 	i0: texRes = 128.0
383.6617 	EXP 	ienter: autoDraw = True
383.6617 	EXP 	ienter: texRes = 128.0
384.6133 	EXP 	i7: texRes = 256.0
384.6133 	EXP 	i8: texRes = 128.0
384.6133 	EXP 	i9: texRes = 128.0
384.6133 	EXP 	i4: texRes = 128.0
384.6133 	EXP 	i5: texRes = 128.0
384.6133 	EXP 	i6: texRes = 128.0
384.6133 	EXP 	i1: texRes = 128.0
384.6133 	EXP 	i2: texRes = 128.0
384.6133 	EXP 	i3: texRes = 128.0
384.6133 	EXP 	idel: texRes = 128.0
384.6133 	EXP 	i0: texRes = 128.0
384.6133 	EXP 	ienter: texRes = 128.0
385.3956 	EXP 	i7: texRes = 256.0
385.3956 	EXP 	i8: texRes = 128.0
385.3956 	EXP 	i9: texRes = 128.0
385.3956 	EXP 	i4: texRes = 128.0
385.3956 	EXP 	i5: texRes = 128.0
385.3956 	EXP 	i6: texRes = 128.0
385.3956 	EXP 	i1: texRes = 128.0
385.3956 	EXP 	i2: texRes = 128.0
385.3956 	EXP 	i3: texRes = 128.0
385.3956 	EXP 	idel: texRes = 128.0
385.3956 	EXP 	i0: texRes = 128.0
385.3956 	EXP 	ienter: texRes = 128.0
385.9246 	EXP 	i7: texRes = 256.0
385.9246 	EXP 	i8: texRes = 128.0
385.9246 	EXP 	i9: texRes = 128.0
385.9246 	EXP 	i4: texRes = 128.0
385.9246 	EXP 	i5: texRes = 128.0
385.9246 	EXP 	i6: texRes = 128.0
385.9246 	EXP 	i1: texRes = 128.0
385.9246 	EXP 	i2: texRes = 128.0
385.9246 	EXP 	i3: texRes = 128.0
385.9246 	EXP 	idel: texRes = 128.0
385.9246 	EXP 	i0: texRes = 128.0
385.9246 	EXP 	ienter: texRes = 128.0
386.2243 	EXP 	i7: texRes = 256.0
386.2243 	EXP 	i8: texRes = 128.0
386.2243 	EXP 	i9: texRes = 128.0
386.2243 	EXP 	i4: texRes = 128.0
386.2243 	EXP 	i5: texRes = 128.0
386.2243 	EXP 	i6: texRes = 128.0
386.2243 	EXP 	i1: texRes = 128.0
386.2243 	EXP 	i2: texRes = 128.0
386.2243 	EXP 	i3: texRes = 128.0
386.2243 	EXP 	idel: texRes = 128.0
386.2243 	EXP 	i0: texRes = 128.0
386.2243 	EXP 	ienter: texRes = 128.0
386.6681 	EXP 	i7: texRes = 256.0
386.6681 	EXP 	i8: texRes = 128.0
386.6681 	EXP 	i9: texRes = 128.0
386.6681 	EXP 	i4: texRes = 128.0
386.6681 	EXP 	i5: texRes = 128.0
386.6681 	EXP 	i6: texRes = 128.0
386.6681 	EXP 	i1: texRes = 128.0
386.6681 	EXP 	i2: texRes = 128.0
386.6681 	EXP 	i3: texRes = 128.0
386.6681 	EXP 	idel: texRes = 128.0
386.6681 	EXP 	i0: texRes = 128.0
386.6681 	EXP 	ienter: texRes = 128.0
387.4340 	EXP 	i7: texRes = 256.0
387.4340 	EXP 	i8: texRes = 128.0
387.4340 	EXP 	i9: texRes = 128.0
387.4340 	EXP 	i4: texRes = 128.0
387.4340 	EXP 	i5: texRes = 128.0
387.4340 	EXP 	i6: texRes = 128.0
387.4340 	EXP 	i1: texRes = 128.0
387.4340 	EXP 	i2: texRes = 128.0
387.4340 	EXP 	i3: texRes = 128.0
387.4340 	EXP 	idel: texRes = 128.0
387.4340 	EXP 	i0: texRes = 128.0
387.4340 	EXP 	ienter: texRes = 128.0
387.4898 	EXP 	New trial (rep=16, index=0): None
387.5469 	EXP 	textbox: autoDraw = False
387.5469 	EXP 	i7: autoDraw = False
387.5469 	EXP 	i8: autoDraw = False
387.5469 	EXP 	i9: autoDraw = False
387.5469 	EXP 	i4: autoDraw = False
387.5469 	EXP 	i5: autoDraw = False
387.5469 	EXP 	i6: autoDraw = False
387.5469 	EXP 	i1: autoDraw = False
387.5469 	EXP 	i2: autoDraw = False
387.5469 	EXP 	i3: autoDraw = False
387.5469 	EXP 	idel: autoDraw = False
387.5469 	EXP 	i0: autoDraw = False
387.5469 	EXP 	ienter: autoDraw = False
391.2252 	EXP 	textbox: autoDraw = True
391.2252 	EXP 	i7: autoDraw = True
391.2252 	EXP 	i7: texRes = 256.0
391.2252 	EXP 	i8: autoDraw = True
391.2252 	EXP 	i8: texRes = 128.0
391.2252 	EXP 	i9: autoDraw = True
391.2252 	EXP 	i9: texRes = 128.0
391.2252 	EXP 	i4: autoDraw = True
391.2252 	EXP 	i4: texRes = 128.0
391.2252 	EXP 	i5: autoDraw = True
391.2252 	EXP 	i5: texRes = 128.0
391.2252 	EXP 	i6: autoDraw = True
391.2252 	EXP 	i6: texRes = 128.0
391.2252 	EXP 	i1: autoDraw = True
391.2252 	EXP 	i1: texRes = 128.0
391.2252 	EXP 	i2: autoDraw = True
391.2252 	EXP 	i2: texRes = 128.0
391.2252 	EXP 	i3: autoDraw = True
391.2252 	EXP 	i3: texRes = 128.0
391.2252 	EXP 	idel: autoDraw = True
391.2252 	EXP 	idel: texRes = 128.0
391.2252 	EXP 	i0: autoDraw = True
391.2252 	EXP 	i0: texRes = 128.0
391.2252 	EXP 	ienter: autoDraw = True
391.2252 	EXP 	ienter: texRes = 128.0
394.9148 	EXP 	i7: texRes = 256.0
394.9148 	EXP 	i8: texRes = 128.0
394.9148 	EXP 	i9: texRes = 128.0
394.9148 	EXP 	i4: texRes = 128.0
394.9148 	EXP 	i5: texRes = 128.0
394.9148 	EXP 	i6: texRes = 128.0
394.9148 	EXP 	i1: texRes = 128.0
394.9148 	EXP 	i2: texRes = 128.0
394.9148 	EXP 	i3: texRes = 128.0
394.9148 	EXP 	idel: texRes = 128.0
394.9148 	EXP 	i0: texRes = 128.0
394.9148 	EXP 	ienter: texRes = 128.0
396.4578 	EXP 	New trial (rep=17, index=0): None
396.9396 	EXP 	textbox: autoDraw = False
396.9396 	EXP 	i7: autoDraw = False
396.9396 	EXP 	i8: autoDraw = False
396.9396 	EXP 	i9: autoDraw = False
396.9396 	EXP 	i4: autoDraw = False
396.9396 	EXP 	i5: autoDraw = False
396.9396 	EXP 	i6: autoDraw = False
396.9396 	EXP 	i1: autoDraw = False
396.9396 	EXP 	i2: autoDraw = False
396.9396 	EXP 	i3: autoDraw = False
396.9396 	EXP 	idel: autoDraw = False
396.9396 	EXP 	i0: autoDraw = False
396.9396 	EXP 	ienter: autoDraw = False
404.0264 	EXP 	textbox: autoDraw = True
404.0264 	EXP 	i7: autoDraw = True
404.0264 	EXP 	i7: texRes = 256.0
404.0264 	EXP 	i8: autoDraw = True
404.0264 	EXP 	i8: texRes = 128.0
404.0264 	EXP 	i9: autoDraw = True
404.0264 	EXP 	i9: texRes = 128.0
404.0264 	EXP 	i4: autoDraw = True
404.0264 	EXP 	i4: texRes = 128.0
404.0264 	EXP 	i5: autoDraw = True
404.0264 	EXP 	i5: texRes = 128.0
404.0264 	EXP 	i6: autoDraw = True
404.0264 	EXP 	i6: texRes = 128.0
404.0264 	EXP 	i1: autoDraw = True
404.0264 	EXP 	i1: texRes = 128.0
404.0264 	EXP 	i2: autoDraw = True
404.0264 	EXP 	i2: texRes = 128.0
404.0264 	EXP 	i3: autoDraw = True
404.0264 	EXP 	i3: texRes = 128.0
404.0264 	EXP 	idel: autoDraw = True
404.0264 	EXP 	idel: texRes = 128.0
404.0264 	EXP 	i0: autoDraw = True
404.0264 	EXP 	i0: texRes = 128.0
404.0264 	EXP 	ienter: autoDraw = True
404.0264 	EXP 	ienter: texRes = 128.0
404.1939 	EXP 	New trial (rep=18, index=0): None
404.2606 	EXP 	textbox: autoDraw = False
404.2606 	EXP 	i7: autoDraw = False
404.2606 	EXP 	i8: autoDraw = False
404.2606 	EXP 	i9: autoDraw = False
404.2606 	EXP 	i4: autoDraw = False
404.2606 	EXP 	i5: autoDraw = False
404.2606 	EXP 	i6: autoDraw = False
404.2606 	EXP 	i1: autoDraw = False
404.2606 	EXP 	i2: autoDraw = False
404.2606 	EXP 	i3: autoDraw = False
404.2606 	EXP 	idel: autoDraw = False
404.2606 	EXP 	i0: autoDraw = False
404.2606 	EXP 	ienter: autoDraw = False
408.0618 	EXP 	New trial (rep=19, index=0): None
408.5098 	EXP 	textbox: autoDraw = False
408.5098 	EXP 	i7: autoDraw = False
408.5098 	EXP 	i8: autoDraw = False
408.5098 	EXP 	i9: autoDraw = False
408.5098 	EXP 	i4: autoDraw = False
408.5098 	EXP 	i5: autoDraw = False
408.5098 	EXP 	i6: autoDraw = False
408.5098 	EXP 	i1: autoDraw = False
408.5098 	EXP 	i2: autoDraw = False
408.5098 	EXP 	i3: autoDraw = False
408.5098 	EXP 	idel: autoDraw = False
408.5098 	EXP 	i0: autoDraw = False
408.5098 	EXP 	ienter: autoDraw = False
409.7984 	EXP 	textbox: autoDraw = True
409.7984 	EXP 	i7: autoDraw = True
409.7984 	EXP 	i7: texRes = 256.0
409.7984 	EXP 	i8: autoDraw = True
409.7984 	EXP 	i8: texRes = 128.0
409.7984 	EXP 	i9: autoDraw = True
409.7984 	EXP 	i9: texRes = 128.0
409.7984 	EXP 	i4: autoDraw = True
409.7984 	EXP 	i4: texRes = 128.0
409.7984 	EXP 	i5: autoDraw = True
409.7984 	EXP 	i5: texRes = 128.0
409.7984 	EXP 	i6: autoDraw = True
409.7984 	EXP 	i6: texRes = 128.0
409.7984 	EXP 	i1: autoDraw = True
409.7984 	EXP 	i1: texRes = 128.0
409.7984 	EXP 	i2: autoDraw = True
409.7984 	EXP 	i2: texRes = 128.0
409.7984 	EXP 	i3: autoDraw = True
409.7984 	EXP 	i3: texRes = 128.0
409.7984 	EXP 	idel: autoDraw = True
409.7984 	EXP 	idel: texRes = 128.0
409.7984 	EXP 	i0: autoDraw = True
409.7984 	EXP 	i0: texRes = 128.0
409.7984 	EXP 	ienter: autoDraw = True
409.7984 	EXP 	ienter: texRes = 128.0
410.2411 	EXP 	i7: texRes = 256.0
410.2411 	EXP 	i8: texRes = 128.0
410.2411 	EXP 	i9: texRes = 128.0
410.2411 	EXP 	i4: texRes = 128.0
410.2411 	EXP 	i5: texRes = 128.0
410.2411 	EXP 	i6: texRes = 128.0
410.2411 	EXP 	i1: texRes = 128.0
410.2411 	EXP 	i2: texRes = 128.0
410.2411 	EXP 	i3: texRes = 128.0
410.2411 	EXP 	idel: texRes = 128.0
410.2411 	EXP 	i0: texRes = 128.0
410.2411 	EXP 	ienter: texRes = 128.0
410.4450 	EXP 	i7: texRes = 256.0
410.4450 	EXP 	i8: texRes = 128.0
410.4450 	EXP 	i9: texRes = 128.0
410.4450 	EXP 	i4: texRes = 128.0
410.4450 	EXP 	i5: texRes = 128.0
410.4450 	EXP 	i6: texRes = 128.0
410.4450 	EXP 	i1: texRes = 128.0
410.4450 	EXP 	i2: texRes = 128.0
410.4450 	EXP 	i3: texRes = 128.0
410.4450 	EXP 	idel: texRes = 128.0
410.4450 	EXP 	i0: texRes = 128.0
410.4450 	EXP 	ienter: texRes = 128.0
410.6444 	EXP 	i7: texRes = 256.0
410.6444 	EXP 	i8: texRes = 128.0
410.6444 	EXP 	i9: texRes = 128.0
410.6444 	EXP 	i4: texRes = 128.0
410.6444 	EXP 	i5: texRes = 128.0
410.6444 	EXP 	i6: texRes = 128.0
410.6444 	EXP 	i1: texRes = 128.0
410.6444 	EXP 	i2: texRes = 128.0
410.6444 	EXP 	i3: texRes = 128.0
410.6444 	EXP 	idel: texRes = 128.0
410.6444 	EXP 	i0: texRes = 128.0
410.6444 	EXP 	ienter: texRes = 128.0
410.8867 	EXP 	i7: texRes = 256.0
410.8867 	EXP 	i8: texRes = 128.0
410.8867 	EXP 	i9: texRes = 128.0
410.8867 	EXP 	i4: texRes = 128.0
410.8867 	EXP 	i5: texRes = 128.0
410.8867 	EXP 	i6: texRes = 128.0
410.8867 	EXP 	i1: texRes = 128.0
410.8867 	EXP 	i2: texRes = 128.0
410.8867 	EXP 	i3: texRes = 128.0
410.8867 	EXP 	idel: texRes = 128.0
410.8867 	EXP 	i0: texRes = 128.0
410.8867 	EXP 	ienter: texRes = 128.0
411.0870 	EXP 	i7: texRes = 256.0
411.0870 	EXP 	i8: texRes = 128.0
411.0870 	EXP 	i9: texRes = 128.0
411.0870 	EXP 	i4: texRes = 128.0
411.0870 	EXP 	i5: texRes = 128.0
411.0870 	EXP 	i6: texRes = 128.0
411.0870 	EXP 	i1: texRes = 128.0
411.0870 	EXP 	i2: texRes = 128.0
411.0870 	EXP 	i3: texRes = 128.0
411.0870 	EXP 	idel: texRes = 128.0
411.0870 	EXP 	i0: texRes = 128.0
411.0870 	EXP 	ienter: texRes = 128.0
411.2723 	EXP 	i7: texRes = 256.0
411.2723 	EXP 	i8: texRes = 128.0
411.2723 	EXP 	i9: texRes = 128.0
411.2723 	EXP 	i4: texRes = 128.0
411.2723 	EXP 	i5: texRes = 128.0
411.2723 	EXP 	i6: texRes = 128.0
411.2723 	EXP 	i1: texRes = 128.0
411.2723 	EXP 	i2: texRes = 128.0
411.2723 	EXP 	i3: texRes = 128.0
411.2723 	EXP 	idel: texRes = 128.0
411.2723 	EXP 	i0: texRes = 128.0
411.2723 	EXP 	ienter: texRes = 128.0
411.3204 	EXP 	New trial (rep=20, index=0): None
411.3742 	EXP 	textbox: autoDraw = False
411.3742 	EXP 	i7: autoDraw = False
411.3742 	EXP 	i8: autoDraw = False
411.3742 	EXP 	i9: autoDraw = False
411.3742 	EXP 	i4: autoDraw = False
411.3742 	EXP 	i5: autoDraw = False
411.3742 	EXP 	i6: autoDraw = False
411.3742 	EXP 	i1: autoDraw = False
411.3742 	EXP 	i2: autoDraw = False
411.3742 	EXP 	i3: autoDraw = False
411.3742 	EXP 	idel: autoDraw = False
411.3742 	EXP 	i0: autoDraw = False
411.3742 	EXP 	ienter: autoDraw = False
411.9422 	DATA 	Mouse: Left button down, pos=(668,299)
412.0708 	DATA 	Mouse:  Left button up, pos=(668,299)
412.4965 	EXP 	textbox: autoDraw = True
412.4965 	EXP 	i7: autoDraw = True
412.4965 	EXP 	i7: texRes = 256.0
412.4965 	EXP 	i8: autoDraw = True
412.4965 	EXP 	i8: texRes = 128.0
412.4965 	EXP 	i9: autoDraw = True
412.4965 	EXP 	i9: texRes = 128.0
412.4965 	EXP 	i4: autoDraw = True
412.4965 	EXP 	i4: texRes = 128.0
412.4965 	EXP 	i5: autoDraw = True
412.4965 	EXP 	i5: texRes = 128.0
412.4965 	EXP 	i6: autoDraw = True
412.4965 	EXP 	i6: texRes = 128.0
412.4965 	EXP 	i1: autoDraw = True
412.4965 	EXP 	i1: texRes = 128.0
412.4965 	EXP 	i2: autoDraw = True
412.4965 	EXP 	i2: texRes = 128.0
412.4965 	EXP 	i3: autoDraw = True
412.4965 	EXP 	i3: texRes = 128.0
412.4965 	EXP 	idel: autoDraw = True
412.4965 	EXP 	idel: texRes = 128.0
412.4965 	EXP 	i0: autoDraw = True
412.4965 	EXP 	i0: texRes = 128.0
412.4965 	EXP 	ienter: autoDraw = True
412.4965 	EXP 	ienter: texRes = 128.0
412.6778 	EXP 	i7: texRes = 256.0
412.6778 	EXP 	i8: texRes = 128.0
412.6778 	EXP 	i9: texRes = 128.0
412.6778 	EXP 	i4: texRes = 128.0
412.6778 	EXP 	i5: texRes = 128.0
412.6778 	EXP 	i6: texRes = 128.0
412.6778 	EXP 	i1: texRes = 128.0
412.6778 	EXP 	i2: texRes = 128.0
412.6778 	EXP 	i3: texRes = 128.0
412.6778 	EXP 	idel: texRes = 128.0
412.6778 	EXP 	i0: texRes = 128.0
412.6778 	EXP 	ienter: texRes = 128.0
412.8865 	EXP 	i7: texRes = 256.0
412.8865 	EXP 	i8: texRes = 128.0
412.8865 	EXP 	i9: texRes = 128.0
412.8865 	EXP 	i4: texRes = 128.0
412.8865 	EXP 	i5: texRes = 128.0
412.8865 	EXP 	i6: texRes = 128.0
412.8865 	EXP 	i1: texRes = 128.0
412.8865 	EXP 	i2: texRes = 128.0
412.8865 	EXP 	i3: texRes = 128.0
412.8865 	EXP 	idel: texRes = 128.0
412.8865 	EXP 	i0: texRes = 128.0
412.8865 	EXP 	ienter: texRes = 128.0
413.0354 	DATA 	Keypress: escape
413.0514 	EXP 	i7: texRes = 256.0
413.0514 	EXP 	i8: texRes = 128.0
413.0514 	EXP 	i9: texRes = 128.0
413.0514 	EXP 	i4: texRes = 128.0
413.0514 	EXP 	i5: texRes = 128.0
413.0514 	EXP 	i6: texRes = 128.0
413.0514 	EXP 	i1: texRes = 128.0
413.0514 	EXP 	i2: texRes = 128.0
413.0514 	EXP 	i3: texRes = 128.0
413.0514 	EXP 	idel: texRes = 128.0
413.0514 	EXP 	i0: texRes = 128.0
413.0514 	EXP 	ienter: texRes = 128.0
413.2449 	EXP 	i7: texRes = 256.0
413.2449 	EXP 	i8: texRes = 128.0
413.2449 	EXP 	i9: texRes = 128.0
413.2449 	EXP 	i4: texRes = 128.0
413.2449 	EXP 	i5: texRes = 128.0
413.2449 	EXP 	i6: texRes = 128.0
413.2449 	EXP 	i1: texRes = 128.0
413.2449 	EXP 	i2: texRes = 128.0
413.2449 	EXP 	i3: texRes = 128.0
413.2449 	EXP 	idel: texRes = 128.0
413.2449 	EXP 	i0: texRes = 128.0
413.2449 	EXP 	ienter: texRes = 128.0
415.5812 	EXP 	window1: mouseVisible = True
